Nov 17 16:26:24.293 DEBG begin change check, db_mod: 0, folder_mod: 1602508169
Nov 17 16:26:24.355 DEBG begin media sync
Nov 17 16:26:24.556 DEBG server usn was 11
Nov 17 16:26:24.556 DEBG differs from local usn 0, fetching changes
Nov 17 16:26:24.556 DEBG fetching record batch, start_usn: 0
Nov 17 16:26:24.602 DEBG determine action, action: Download, state: NotInDB, rsha: eb96d3b9, lsha: , fname: latex-0384017c37c7cb70aefba24a8f3580560cc04b7e.png
Nov 17 16:26:24.602 DEBG determine action, action: Download, state: NotInDB, rsha: 97f1bec0, lsha: , fname: latex-399fe65eb9ce780f0de4fd681a12d4f50a9dc372.png
Nov 17 16:26:24.602 DEBG determine action, action: Download, state: NotInDB, rsha: 8a547728, lsha: , fname: latex-3fea5d7a07e8bde9a652d6c49f78b7668728b4f7.png
Nov 17 16:26:24.602 DEBG determine action, action: Download, state: NotInDB, rsha: fb71bd0f, lsha: , fname: latex-4d99d462476d3dd7a643c354581ec46930078fb9.png
Nov 17 16:26:24.602 DEBG determine action, action: Download, state: NotInDB, rsha: 7d304525, lsha: , fname: latex-652c81424463cfc6cd6863b61947b2810e5e083f.png
Nov 17 16:26:24.602 DEBG determine action, action: Download, state: NotInDB, rsha: 5bd9bc69, lsha: , fname: latex-83b0afe7f51fcd98737e7c094dfcc5e0a1f8f8eb.png
Nov 17 16:26:24.602 DEBG determine action, action: Download, state: NotInDB, rsha: ea56022f, lsha: , fname: latex-841539fb29f9a8298c964a75173dd66cc1f1d6d0.png
Nov 17 16:26:24.602 DEBG determine action, action: Download, state: NotInDB, rsha: 97f1bec0, lsha: , fname: latex-acbb1a4ca1f476b3746d8dd073b90fdcc2a3bedf.png
Nov 17 16:26:24.602 DEBG determine action, action: Download, state: NotInDB, rsha: bd654d28, lsha: , fname: latex-ace3e469a0a66ec79b44603549ad5cc1445ed916.png
Nov 17 16:26:24.602 DEBG determine action, action: Download, state: NotInDB, rsha: 1ec88c0f, lsha: , fname: latex-cf06d4e805e95ef5d988e9eb5db4f858c760a5c5.png
Nov 17 16:26:24.602 DEBG determine action, action: Download, state: NotInDB, rsha: 042a04bb, lsha: , fname: latex-fa284ad56bee4ed146ebe4661a1c21fe10bc1fd0.png
Nov 17 16:26:24.602 DEBG requesting files: ["latex-0384017c37c7cb70aefba24a8f3580560cc04b7e.png", "latex-399fe65eb9ce780f0de4fd681a12d4f50a9dc372.png", "latex-3fea5d7a07e8bde9a652d6c49f78b7668728b4f7.png", "latex-4d99d462476d3dd7a643c354581ec46930078fb9.png", "latex-652c81424463cfc6cd6863b61947b2810e5e083f.png", "latex-83b0afe7f51fcd98737e7c094dfcc5e0a1f8f8eb.png", "latex-841539fb29f9a8298c964a75173dd66cc1f1d6d0.png", "latex-acbb1a4ca1f476b3746d8dd073b90fdcc2a3bedf.png", "latex-ace3e469a0a66ec79b44603549ad5cc1445ed916.png", "latex-cf06d4e805e95ef5d988e9eb5db4f858c760a5c5.png", "latex-fa284ad56bee4ed146ebe4661a1c21fe10bc1fd0.png"]
Nov 17 16:26:25.126 DEBG write, fname: latex-3fea5d7a07e8bde9a652d6c49f78b7668728b4f7.png
Nov 17 16:26:25.126 DEBG write, fname: latex-399fe65eb9ce780f0de4fd681a12d4f50a9dc372.png
Nov 17 16:26:25.126 DEBG write, fname: latex-4d99d462476d3dd7a643c354581ec46930078fb9.png
Nov 17 16:26:25.126 DEBG write, fname: latex-acbb1a4ca1f476b3746d8dd073b90fdcc2a3bedf.png
Nov 17 16:26:25.127 DEBG write, fname: latex-652c81424463cfc6cd6863b61947b2810e5e083f.png
Nov 17 16:26:25.127 DEBG write, fname: latex-841539fb29f9a8298c964a75173dd66cc1f1d6d0.png
Nov 17 16:26:25.127 DEBG write, fname: latex-cf06d4e805e95ef5d988e9eb5db4f858c760a5c5.png
Nov 17 16:26:25.127 DEBG write, fname: latex-0384017c37c7cb70aefba24a8f3580560cc04b7e.png
Nov 17 16:26:25.127 DEBG write, fname: latex-fa284ad56bee4ed146ebe4661a1c21fe10bc1fd0.png
Nov 17 16:26:25.127 DEBG write, fname: latex-ace3e469a0a66ec79b44603549ad5cc1445ed916.png
Nov 17 16:26:25.128 DEBG write, fname: latex-83b0afe7f51fcd98737e7c094dfcc5e0a1f8f8eb.png
Nov 17 16:26:25.128 DEBG mark added, sha1: 8a547728, fname: latex-3fea5d7a07e8bde9a652d6c49f78b7668728b4f7.png
Nov 17 16:26:25.129 DEBG mark added, sha1: 97f1bec0, fname: latex-399fe65eb9ce780f0de4fd681a12d4f50a9dc372.png
Nov 17 16:26:25.129 DEBG mark added, sha1: fb71bd0f, fname: latex-4d99d462476d3dd7a643c354581ec46930078fb9.png
Nov 17 16:26:25.129 DEBG mark added, sha1: 97f1bec0, fname: latex-acbb1a4ca1f476b3746d8dd073b90fdcc2a3bedf.png
Nov 17 16:26:25.129 DEBG mark added, sha1: 7d304525, fname: latex-652c81424463cfc6cd6863b61947b2810e5e083f.png
Nov 17 16:26:25.129 DEBG mark added, sha1: ea56022f, fname: latex-841539fb29f9a8298c964a75173dd66cc1f1d6d0.png
Nov 17 16:26:25.129 DEBG mark added, sha1: 1ec88c0f, fname: latex-cf06d4e805e95ef5d988e9eb5db4f858c760a5c5.png
Nov 17 16:26:25.129 DEBG mark added, sha1: eb96d3b9, fname: latex-0384017c37c7cb70aefba24a8f3580560cc04b7e.png
Nov 17 16:26:25.129 DEBG mark added, sha1: 042a04bb, fname: latex-fa284ad56bee4ed146ebe4661a1c21fe10bc1fd0.png
Nov 17 16:26:25.129 DEBG mark added, sha1: bd654d28, fname: latex-ace3e469a0a66ec79b44603549ad5cc1445ed916.png
Nov 17 16:26:25.129 DEBG mark added, sha1: 5bd9bc69, fname: latex-83b0afe7f51fcd98737e7c094dfcc5e0a1f8f8eb.png
Nov 17 16:26:25.235 DEBG fetching record batch, start_usn: 11
Nov 17 16:26:25.321 DEBG empty batch, done
Nov 17 16:26:25.373 DEBG media sync complete
Nov 17 16:27:19.236 DEBG begin change check, db_mod: 1605630385, folder_mod: 1605630385
Nov 17 16:27:19.236 DEBG skip check
Nov 17 16:27:19.236 DEBG begin media sync
Nov 17 16:27:19.467 DEBG server usn was 11
Nov 17 16:27:19.467 DEBG media sync complete
