[1597759348] collection.py:__init__(): /home/user/.local/share/Anki2/User 1/collection.anki2, 2.1.26
[1597759348] sched.py:_updateCutoff(): 0, 1597845748
[1597759363] collection.py:__init__(): /home/user/.local/share/Anki2/User 1/collection.anki2, 2.1.26
[1597759363] sched.py:_updateCutoff(): 0, 1597845748
[1597760645] collection.py:__init__(): /home/user/.local/share/Anki2/User 1/collection.anki2, 2.1.26
[1597760645] sched.py:_updateCutoff(): 0, 1597845748
[1597760738] collection.py:__init__(): /home/user/.local/share/Anki2/User 1/collection.anki2, 2.1.26
[1597760738] sched.py:_updateCutoff(): 0, 1597845748
[1597763238] schedv2.py:getCard(): {'data': '', 'did': 1597759528877, 'due': 1, 'factor': 0, 'flags': 0, 'id': 1597760093613, 'ivl': 0, 'lapses': 0, 'left': 0, 'mod': 1597760093, 'nid': 1597759566305, 'odid': 0, 'odue': 0, 'ord': 0, 'queue': 0, 'reps': 0, 'type': 0, 'usn': -1}
[1597763241] sched.py:answerCard(): 
[1597763241] schedv2.py:getCard(): {'data': '', 'did': 1597759528877, 'due': 2, 'factor': 0, 'flags': 0, 'id': 1597761170286, 'ivl': 0, 'lapses': 0, 'left': 0, 'mod': 1597761170, 'nid': 1597761107302, 'odid': 0, 'odue': 0, 'ord': 0, 'queue': 0, 'reps': 0, 'type': 0, 'usn': -1}
[1597763251] sched.py:answerCard(): 
[1597763251] schedv2.py:getCard(): {'data': '', 'did': 1597759528877, 'due': 3, 'factor': 0, 'flags': 0, 'id': 1597762289084, 'ivl': 0, 'lapses': 0, 'left': 0, 'mod': 1597762289, 'nid': 1597762219905, 'odid': 0, 'odue': 0, 'ord': 0, 'queue': 0, 'reps': 0, 'type': 0, 'usn': -1}
[1597763254] sched.py:answerCard(): 
[1597763254] schedv2.py:getCard(): {'data': '', 'did': 1597759528877, 'due': 4, 'factor': 0, 'flags': 0, 'id': 1597762379099, 'ivl': 0, 'lapses': 0, 'left': 0, 'mod': 1597762379, 'nid': 1597762321227, 'odid': 0, 'odue': 0, 'ord': 0, 'queue': 0, 'reps': 0, 'type': 0, 'usn': -1}
[1597763272] sched.py:answerCard(): 
[1597763272] schedv2.py:getCard(): {'data': '', 'did': 1597759528877, 'due': 5, 'factor': 0, 'flags': 0, 'id': 1597762963063, 'ivl': 0, 'lapses': 0, 'left': 0, 'mod': 1597762963, 'nid': 1597762897190, 'odid': 0, 'odue': 0, 'ord': 0, 'queue': 0, 'reps': 0, 'type': 0, 'usn': -1}
[1597763306] collection.py:__init__(): /home/user/.local/share/Anki2/User 1/collection.anki2, 2.1.26
[1597763306] sched.py:_updateCutoff(): 0, 1597845748
[1597759836] collection.py:__init__(): /home/user/.local/share/Anki2/User 1/collection.anki2, 2.1.26
[1597759836] sched.py:_updateCutoff(): 0, 1597845748
[1597761185] collection.py:__init__(): /home/user/.local/share/Anki2/User 1/collection.anki2, 2.1.26
[1597761185] sched.py:_updateCutoff(): 0, 1597845748
[1597761212] collection.py:__init__(): /home/user/.local/share/Anki2/User 1/collection.anki2, 2.1.26
[1597761212] sched.py:_updateCutoff(): 0, 1597845748
[1597761767] collection.py:__init__(): /home/user/.local/share/Anki2/User 1/collection.anki2, 2.1.26
[1597761767] sched.py:_updateCutoff(): 0, 1597845748
[1597773340] collection.py:__init__(): /home/user/.local/share/Anki2/User 1/collection.anki2, 2.1.26
[1597773340] sched.py:_updateCutoff(): 0, 1597845748
[1597773348] collection.py:__init__(): /home/user/.local/share/Anki2/User 1/collection.anki2, 2.1.26
[1597773348] sched.py:_updateCutoff(): 0, 1597845748
[1597773374] collection.py:__init__(): /home/user/.local/share/Anki2/User 1/collection.anki2, 2.1.26
[1597773374] sched.py:_updateCutoff(): 0, 1597845748
[1597773376] collection.py:__init__(): /home/user/.local/share/Anki2/User 1/collection.anki2, 2.1.26
[1597773376] sched.py:_updateCutoff(): 0, 1597845748
[1597773409] collection.py:__init__(): /home/user/.local/share/Anki2/User 1/collection.anki2, 2.1.26
[1597773409] sched.py:_updateCutoff(): 0, 1597845748
[1597774088] collection.py:__init__(): /home/user/.local/share/Anki2/User 1/collection.anki2, 2.1.26
[1597774088] sched.py:_updateCutoff(): 0, 1597845748
[1597774120] collection.py:__init__(): /home/user/.local/share/Anki2/User 1/collection.anki2, 2.1.26
[1597774120] sched.py:_updateCutoff(): 0, 1597845600
[1597774211] schedv2.py:getCard(): {'data': '', 'did': 1597759528877, 'due': 1597763311, 'factor': 0, 'flags': 0, 'id': 1597761170286, 'ivl': 0, 'lapses': 0, 'left': 2002, 'mod': 1597763251, 'nid': 1597761107302, 'odid': 0, 'odue': 0, 'ord': 0, 'queue': 1, 'reps': 1, 'type': 1, 'usn': 0}
[1597774219] sched.py:answerCard(): 
[1597774219] schedv2.py:getCard(): {'data': '', 'did': 1597759528877, 'due': 1597763841, 'factor': 0, 'flags': 0, 'id': 1597760093613, 'ivl': 0, 'lapses': 0, 'left': 1001, 'mod': 1597763241, 'nid': 1597759566305, 'odid': 0, 'odue': 0, 'ord': 0, 'queue': 1, 'reps': 1, 'type': 1, 'usn': 0}
[1597774223] sched.py:answerCard(): 
[1597774223] schedv2.py:getCard(): {'data': '', 'did': 1597759528877, 'due': 1597763872, 'factor': 0, 'flags': 0, 'id': 1597762379099, 'ivl': 0, 'lapses': 0, 'left': 1001, 'mod': 1597763272, 'nid': 1597762321227, 'odid': 0, 'odue': 0, 'ord': 0, 'queue': 1, 'reps': 1, 'type': 1, 'usn': 0}
[1597774235] sched.py:answerCard(): 
[1597774235] schedv2.py:getCard(): {'data': '', 'did': 1597759528877, 'due': 5, 'factor': 0, 'flags': 0, 'id': 1597762963063, 'ivl': 0, 'lapses': 0, 'left': 0, 'mod': 1597762963, 'nid': 1597762897190, 'odid': 0, 'odue': 0, 'ord': 0, 'queue': 0, 'reps': 0, 'type': 0, 'usn': 0}
[1597774239] sched.py:answerCard(): 
[1597774239] schedv2.py:getCard(): {'data': '', 'did': 1597759528877, 'due': 6, 'factor': 0, 'flags': 0, 'id': 1597763031217, 'ivl': 0, 'lapses': 0, 'left': 0, 'mod': 1597763031, 'nid': 1597762963070, 'odid': 0, 'odue': 0, 'ord': 0, 'queue': 0, 'reps': 0, 'type': 0, 'usn': 0}
[1597774245] sched.py:answerCard(): 
[1597774245] schedv2.py:getCard(): {'data': '', 'did': 1597759528877, 'due': 7, 'factor': 0, 'flags': 0, 'id': 1597763207272, 'ivl': 0, 'lapses': 0, 'left': 0, 'mod': 1597763207, 'nid': 1597763150680, 'odid': 0, 'odue': 0, 'ord': 0, 'queue': 0, 'reps': 0, 'type': 0, 'usn': 0}
[1597774247] sched.py:answerCard(): 
[1597774247] schedv2.py:getCard(): {'data': '', 'did': 1597759528877, 'due': 8, 'factor': 0, 'flags': 0, 'id': 1597759994613, 'ivl': 0, 'lapses': 0, 'left': 0, 'mod': 1597759994, 'nid': 1597759878345, 'odid': 0, 'odue': 0, 'ord': 0, 'queue': 0, 'reps': 0, 'type': 0, 'usn': 1}
[1597774258] sched.py:answerCard(): 
[1597774258] schedv2.py:getCard(): {'data': '', 'did': 1597759528877, 'due': 9, 'factor': 0, 'flags': 0, 'id': 1597760084949, 'ivl': 0, 'lapses': 0, 'left': 0, 'mod': 1597760084, 'nid': 1597760056164, 'odid': 0, 'odue': 0, 'ord': 0, 'queue': 0, 'reps': 0, 'type': 0, 'usn': 1}
[1597774262] sched.py:answerCard(): 
[1597774262] schedv2.py:getCard(): {'data': '', 'did': 1597759528877, 'due': 10, 'factor': 0, 'flags': 0, 'id': 1597760154683, 'ivl': 0, 'lapses': 0, 'left': 0, 'mod': 1597760154, 'nid': 1597760084959, 'odid': 0, 'odue': 0, 'ord': 0, 'queue': 0, 'reps': 0, 'type': 0, 'usn': 1}
[1597774275] sched.py:answerCard(): 
[1597774275] schedv2.py:getCard(): {'data': '', 'did': 1597759528877, 'due': 11, 'factor': 0, 'flags': 0, 'id': 1597760362106, 'ivl': 0, 'lapses': 0, 'left': 0, 'mod': 1597760362, 'nid': 1597760217327, 'odid': 0, 'odue': 0, 'ord': 0, 'queue': 0, 'reps': 0, 'type': 0, 'usn': 1}
[1597774285] sched.py:answerCard(): 
[1597774285] schedv2.py:getCard(): {'data': '', 'did': 1597759528877, 'due': 1597774279, 'factor': 0, 'flags': 0, 'id': 1597761170286, 'ivl': 0, 'lapses': 0, 'left': 2002, 'mod': 1597774219, 'nid': 1597761107302, 'odid': 0, 'odue': 0, 'ord': 0, 'queue': 1, 'reps': 2, 'type': 1, 'usn': -1}
[1597774293] sched.py:answerCard(): 
[1597774293] schedv2.py:getCard(): {'data': '', 'did': 1597759528877, 'due': 12, 'factor': 0, 'flags': 0, 'id': 1597760505902, 'ivl': 0, 'lapses': 0, 'left': 0, 'mod': 1597760505, 'nid': 1597760435667, 'odid': 0, 'odue': 0, 'ord': 0, 'queue': 0, 'reps': 0, 'type': 0, 'usn': 1}
[1597774296] sched.py:answerCard(): 
[1597774296] schedv2.py:getCard(): {'data': '', 'did': 1597759528877, 'due': 13, 'factor': 0, 'flags': 0, 'id': 1597760587047, 'ivl': 0, 'lapses': 0, 'left': 0, 'mod': 1597760587, 'nid': 1597760554707, 'odid': 0, 'odue': 0, 'ord': 0, 'queue': 0, 'reps': 0, 'type': 0, 'usn': 1}
[1597774298] sched.py:answerCard(): 
[1597774298] schedv2.py:getCard(): {'data': '', 'did': 1597759528877, 'due': 14, 'factor': 0, 'flags': 0, 'id': 1597760675622, 'ivl': 0, 'lapses': 0, 'left': 0, 'mod': 1597760675, 'nid': 1597760607529, 'odid': 0, 'odue': 0, 'ord': 0, 'queue': 0, 'reps': 0, 'type': 0, 'usn': 1}
[1597774335] sched.py:answerCard(): 
[1597774335] schedv2.py:getCard(): {'data': '', 'did': 1597759528877, 'due': 1597774299, 'factor': 0, 'flags': 0, 'id': 1597762963063, 'ivl': 0, 'lapses': 0, 'left': 2002, 'mod': 1597774239, 'nid': 1597762897190, 'odid': 0, 'odue': 0, 'ord': 0, 'queue': 1, 'reps': 1, 'type': 1, 'usn': -1}
[1597774362] sched.py:answerCard(): 
[1597774362] schedv2.py:getCard(): {'data': '', 'did': 1597759528877, 'due': 1597774353, 'factor': 0, 'flags': 0, 'id': 1597761170286, 'ivl': 0, 'lapses': 0, 'left': 2002, 'mod': 1597774293, 'nid': 1597761107302, 'odid': 0, 'odue': 0, 'ord': 0, 'queue': 1, 'reps': 3, 'type': 1, 'usn': -1}
[1597774367] sched.py:answerCard(): 
[1597774367] schedv2.py:getCard(): {'data': '', 'did': 1597759528877, 'due': 15, 'factor': 0, 'flags': 0, 'id': 1597760931342, 'ivl': 0, 'lapses': 0, 'left': 0, 'mod': 1597760931, 'nid': 1597760752404, 'odid': 0, 'odue': 0, 'ord': 0, 'queue': 0, 'reps': 0, 'type': 0, 'usn': 1}
[1597774375] sched.py:answerCard(): 
[1597774375] schedv2.py:getCard(): {'data': '', 'did': 1597759528877, 'due': 16, 'factor': 0, 'flags': 0, 'id': 1597761156958, 'ivl': 0, 'lapses': 0, 'left': 0, 'mod': 1597761156, 'nid': 1597761006420, 'odid': 0, 'odue': 0, 'ord': 0, 'queue': 0, 'reps': 0, 'type': 0, 'usn': 1}
[1597774384] sched.py:answerCard(): 
[1597774384] schedv2.py:getCard(): {'data': '', 'did': 1597759528877, 'due': 17, 'factor': 0, 'flags': 0, 'id': 1597761344167, 'ivl': 0, 'lapses': 0, 'left': 0, 'mod': 1597761344, 'nid': 1597761252975, 'odid': 0, 'odue': 0, 'ord': 0, 'queue': 0, 'reps': 0, 'type': 0, 'usn': 3}
[1597774389] sched.py:answerCard(): 
[1597774389] schedv2.py:getCard(): {'data': '', 'did': 1597759528877, 'due': 18, 'factor': 0, 'flags': 0, 'id': 1597761445167, 'ivl': 0, 'lapses': 0, 'left': 0, 'mod': 1597761445, 'nid': 1597761404401, 'odid': 0, 'odue': 0, 'ord': 0, 'queue': 0, 'reps': 0, 'type': 0, 'usn': 3}
[1597774394] sched.py:answerCard(): 
[1597774394] schedv2.py:getCard(): {'data': '', 'did': 1597759528877, 'due': 19, 'factor': 0, 'flags': 0, 'id': 1597761620817, 'ivl': 0, 'lapses': 0, 'left': 0, 'mod': 1597761620, 'nid': 1597761523104, 'odid': 0, 'odue': 0, 'ord': 0, 'queue': 0, 'reps': 0, 'type': 0, 'usn': 3}
[1597774404] sched.py:answerCard(): 
[1597774404] schedv2.py:getCard(): {'data': '', 'did': 1597759528877, 'due': 20, 'factor': 0, 'flags': 0, 'id': 1597761645173, 'ivl': 0, 'lapses': 0, 'left': 0, 'mod': 1597761645, 'nid': 1597761620947, 'odid': 0, 'odue': 0, 'ord': 0, 'queue': 0, 'reps': 0, 'type': 0, 'usn': 3}
[1597774408] sched.py:answerCard(): 
[1597774408] schedv2.py:getCard(): {'data': '', 'did': 1597759528877, 'due': 1597774422, 'factor': 0, 'flags': 0, 'id': 1597762963063, 'ivl': 0, 'lapses': 0, 'left': 2002, 'mod': 1597774362, 'nid': 1597762897190, 'odid': 0, 'odue': 0, 'ord': 0, 'queue': 1, 'reps': 2, 'type': 1, 'usn': -1}
[1597774415] sched.py:answerCard(): 
[1597774415] schedv2.py:getCard(): {'data': '', 'did': 1597759528877, 'due': 1597774427, 'factor': 0, 'flags': 0, 'id': 1597761170286, 'ivl': 0, 'lapses': 0, 'left': 2002, 'mod': 1597774367, 'nid': 1597761107302, 'odid': 0, 'odue': 0, 'ord': 0, 'queue': 1, 'reps': 4, 'type': 1, 'usn': -1}
[1597774421] sched.py:answerCard(): 
[1597774421] schedv2.py:getCard(): {'data': '', 'did': 1597759528877, 'due': 1597774858, 'factor': 0, 'flags': 0, 'id': 1597759994613, 'ivl': 0, 'lapses': 0, 'left': 1001, 'mod': 1597774258, 'nid': 1597759878345, 'odid': 0, 'odue': 0, 'ord': 0, 'queue': 1, 'reps': 1, 'type': 1, 'usn': -1}
[1597774426] sched.py:answerCard(): 
[1597774470] collection.py:__init__(): /home/user/.local/share/Anki2/User 1/collection.anki2, 2.1.26
[1597774470] sched.py:_updateCutoff(): 0, 1597845600
[1597774563] collection.py:__init__(): /home/user/.local/share/Anki2/User 1/collection.anki2, 2.1.26
[1597774563] sched.py:_updateCutoff(): 0, 1597845600
[1597776226] collection.py:__init__(): /home/user/.local/share/Anki2/User 1/collection.anki2, 2.1.26
[1597776226] sched.py:_updateCutoff(): 0, 1597845600
[1597777784] collection.py:__init__(): /home/user/.local/share/Anki2/User 1/collection.anki2, 2.1.26
[1597777784] sched.py:_updateCutoff(): 0, 1597845600
[1597777787] collection.py:__init__(): /home/user/.local/share/Anki2/User 1/collection.anki2, 2.1.26
[1597777787] sched.py:_updateCutoff(): 0, 1597845600
[1597850408] collection.py:__init__(): /home/user/.local/share/Anki2/User 1/collection.anki2, 2.1.26
[1597850408] sched.py:_updateCutoff(): 1, 1597932000
[1597850421] schedv2.py:getCard(): {'data': '', 'did': 1597759528877, 'due': 1, 'factor': 2500, 'flags': 0, 'id': 1597762379099, 'ivl': 1, 'lapses': 0, 'left': 1001, 'mod': 1597774235, 'nid': 1597762321227, 'odid': 0, 'odue': 0, 'ord': 0, 'queue': 2, 'reps': 2, 'type': 2, 'usn': 7}
[1597850439] sched.py:answerCard(): 
[1597850439] schedv2.py:getCard(): {'data': '', 'did': 1597759528877, 'due': 21, 'factor': 0, 'flags': 0, 'id': 1597772899250, 'ivl': 0, 'lapses': 0, 'left': 0, 'mod': 1597772899, 'nid': 1597772596132, 'odid': 0, 'odue': 0, 'ord': 0, 'queue': 0, 'reps': 0, 'type': 0, 'usn': 4}
[1597861084] collection.py:__init__(): /home/user/.local/share/Anki2/User 1/collection.anki2, 2.1.26
[1597861084] sched.py:_updateCutoff(): 1, 1597932000
[1597861102] collection.py:__init__(): /home/user/.local/share/Anki2/User 1/collection.anki2, 2.1.26
[1597861102] sched.py:_updateCutoff(): 1, 1597932000
[1597934268] collection.py:__init__(): /home/user/.local/share/Anki2/User 1/collection.anki2, 2.1.26
[1597934268] sched.py:_updateCutoff(): 2, 1598018400
[1597935323] collection.py:__init__(): /home/user/.local/share/Anki2/User 1/collection.anki2, 2.1.26
[1597935323] sched.py:_updateCutoff(): 2, 1598018400
[1597937982] collection.py:__init__(): /home/user/.local/share/Anki2/User 1/collection.anki2, 2.1.26
[1597937982] sched.py:_updateCutoff(): 2, 1598018400
[1597938215] schedv2.py:getCard(): {'data': '', 'did': 1597776213330, 'due': 30, 'factor': 0, 'flags': 0, 'id': 1597776375261, 'ivl': 0, 'lapses': 0, 'left': 0, 'mod': 1597776375, 'nid': 1597776291150, 'odid': 0, 'odue': 0, 'ord': 0, 'queue': 0, 'reps': 0, 'type': 0, 'usn': 9}
[1597938232] collection.py:__init__(): /home/user/.local/share/Anki2/User 1/collection.anki2, 2.1.26
[1597938232] sched.py:_updateCutoff(): 2, 1598018400
[1597938973] collection.py:__init__(): /home/user/.local/share/Anki2/User 1/collection.anki2, 2.1.26
[1597938973] sched.py:_updateCutoff(): 2, 1598018400
[1597940041] collection.py:__init__(): /home/user/.local/share/Anki2/Mathematics/collection.anki2, 2.1.26
[1597940041] sched.py:_updateCutoff(): 2, 1598018400
[1597940970] collection.py:__init__(): /home/user/.local/share/Anki2/Mathematics/collection.anki2, 2.1.26
[1597940970] sched.py:_updateCutoff(): 2, 1598018400
[1597941359] collection.py:__init__(): /home/user/.local/share/Anki2/Mathematics/collection.anki2, 2.1.26
[1597941359] sched.py:_updateCutoff(): 2, 1598018400
[1597942717] collection.py:__init__(): /home/user/.local/share/Anki2/Mathematics/collection.anki2, 2.1.26
[1597942717] sched.py:_updateCutoff(): 2, 1598018400
[1597942720] schedv2.py:getCard(): {'data': '', 'did': 1597776213330, 'due': 30, 'factor': 0, 'flags': 0, 'id': 1597776375261, 'ivl': 0, 'lapses': 0, 'left': 0, 'mod': 1597776375, 'nid': 1597776291150, 'odid': 0, 'odue': 0, 'ord': 0, 'queue': 0, 'reps': 0, 'type': 0, 'usn': 9}
[1597942727] sched.py:answerCard(): 
[1597942727] schedv2.py:getCard(): {'data': '', 'did': 1597776213330, 'due': 31, 'factor': 0, 'flags': 0, 'id': 1597776486355, 'ivl': 0, 'lapses': 0, 'left': 0, 'mod': 1597776486, 'nid': 1597776440227, 'odid': 0, 'odue': 0, 'ord': 0, 'queue': 0, 'reps': 0, 'type': 0, 'usn': 9}
[1597942744] sched.py:answerCard(): 
[1597942744] schedv2.py:getCard(): {'data': '', 'did': 1597776213330, 'due': 32, 'factor': 0, 'flags': 0, 'id': 1597777012996, 'ivl': 0, 'lapses': 0, 'left': 0, 'mod': 1597777012, 'nid': 1597776930073, 'odid': 0, 'odue': 0, 'ord': 0, 'queue': 0, 'reps': 0, 'type': 0, 'usn': 9}
[1597942752] sched.py:answerCard(): 
[1597942752] schedv2.py:getCard(): {'data': '', 'did': 1597776213330, 'due': 33, 'factor': 0, 'flags': 0, 'id': 1597777117365, 'ivl': 0, 'lapses': 0, 'left': 0, 'mod': 1597777117, 'nid': 1597777065276, 'odid': 0, 'odue': 0, 'ord': 0, 'queue': 0, 'reps': 0, 'type': 0, 'usn': 9}
[1597942756] sched.py:answerCard(): 
[1597942756] schedv2.py:getCard(): {'data': '', 'did': 1597776213330, 'due': 34, 'factor': 0, 'flags': 0, 'id': 1597777217951, 'ivl': 0, 'lapses': 0, 'left': 0, 'mod': 1597777217, 'nid': 1597777167804, 'odid': 0, 'odue': 0, 'ord': 0, 'queue': 0, 'reps': 0, 'type': 0, 'usn': 9}
[1598031176] collection.py:__init__(): /home/user/.local/share/Anki2/Mathematics/collection.anki2, 2.1.26
[1598031176] sched.py:_updateCutoff(): 3, 1598104800
[1598035695] collection.py:__init__(): /home/user/.local/share/Anki2/Mathematics/collection.anki2, 2.1.26
[1598035695] sched.py:_updateCutoff(): 3, 1598104800
[1598037395] collection.py:__init__(): /home/user/.local/share/Anki2/Mathematics/collection.anki2, 2.1.26
[1598037395] sched.py:_updateCutoff(): 3, 1598104800
[1598626300] collection.py:__init__(): /home/user/.local/share/Anki2/Mathematics/collection.anki2, 2.1.26
[1598626300] sched.py:_updateCutoff(): 10, 1598709600
[1598630936] collection.py:__init__(): /home/user/.local/share/Anki2/Mathematics/collection.anki2, 2.1.26
[1598630936] sched.py:_updateCutoff(): 10, 1598709600
[1598630938] collection.py:__init__(): /home/user/.local/share/Anki2/Mathematics/collection.anki2, 2.1.26
[1598630938] sched.py:_updateCutoff(): 10, 1598709600
[1598631485] collection.py:__init__(): /home/user/.local/share/Anki2/Mathematics/collection.anki2, 2.1.26
[1598631485] sched.py:_updateCutoff(): 10, 1598709600
[1598645488] collection.py:__init__(): /home/user/.local/share/Anki2/Mathematics/collection.anki2, 2.1.26
[1598645488] sched.py:_updateCutoff(): 10, 1598709600
[1599321734] collection.py:__init__(): /home/user/.local/share/Anki2/Mathematics/collection.anki2, 2.1.26
[1599321734] sched.py:_updateCutoff(): 18, 1599400800
[1599321818] collection.py:__init__(): /home/user/.local/share/Anki2/Mathematics/collection.anki2, 2.1.26
[1599321818] sched.py:_updateCutoff(): 18, 1599400800
[1599326775] collection.py:__init__(): /home/user/.local/share/Anki2/Mathematics/collection.anki2, 2.1.26
[1599326775] sched.py:_updateCutoff(): 18, 1599400800
[1599559471] collection.py:__init__(): /home/user/.local/share/Anki2/Mathematics/collection.anki2, 2.1.26
[1599559471] sched.py:_updateCutoff(): 20, 1599573600
[1599668098] collection.py:__init__(): /home/user/.local/share/Anki2/Mathematics/collection.anki2, 2.1.26
[1599668098] sched.py:_updateCutoff(): 22, 1599746400
[1599668112] schedv2.py:getCard(): {'data': '', 'did': 1599321832435, 'due': 113, 'factor': 0, 'flags': 0, 'id': 1599321967425, 'ivl': 0, 'lapses': 0, 'left': 0, 'mod': 1599321967, 'nid': 1599321863057, 'odid': 0, 'odue': 0, 'ord': 0, 'queue': 0, 'reps': 0, 'type': 0, 'usn': 30}
[1599668118] sched.py:answerCard(): 
[1599668118] schedv2.py:getCard(): {'data': '', 'did': 1599321832435, 'due': 114, 'factor': 0, 'flags': 0, 'id': 1599322050466, 'ivl': 0, 'lapses': 0, 'left': 0, 'mod': 1599322050, 'nid': 1599321983652, 'odid': 0, 'odue': 0, 'ord': 0, 'queue': 0, 'reps': 0, 'type': 0, 'usn': 30}
[1599668127] sched.py:answerCard(): 
[1599668127] schedv2.py:getCard(): {'data': '', 'did': 1599321832435, 'due': 115, 'factor': 0, 'flags': 0, 'id': 1599322103591, 'ivl': 0, 'lapses': 0, 'left': 0, 'mod': 1599322103, 'nid': 1599322068387, 'odid': 0, 'odue': 0, 'ord': 0, 'queue': 0, 'reps': 0, 'type': 0, 'usn': 30}
[1599668131] sched.py:answerCard(): 
[1599668131] schedv2.py:getCard(): {'data': '', 'did': 1599321832435, 'due': 116, 'factor': 0, 'flags': 0, 'id': 1599322151166, 'ivl': 0, 'lapses': 0, 'left': 0, 'mod': 1599322151, 'nid': 1599322114725, 'odid': 0, 'odue': 0, 'ord': 0, 'queue': 0, 'reps': 0, 'type': 0, 'usn': 30}
[1599668135] sched.py:answerCard(): 
[1599668135] schedv2.py:getCard(): {'data': '', 'did': 1599321832435, 'due': 117, 'factor': 0, 'flags': 0, 'id': 1599322246069, 'ivl': 0, 'lapses': 0, 'left': 0, 'mod': 1599322246, 'nid': 1599322181877, 'odid': 0, 'odue': 0, 'ord': 0, 'queue': 0, 'reps': 0, 'type': 0, 'usn': 30}
[1599668145] sched.py:answerCard(): 
[1599668145] schedv2.py:getCard(): {'data': '', 'did': 1599321832435, 'due': 118, 'factor': 0, 'flags': 0, 'id': 1599322362454, 'ivl': 0, 'lapses': 0, 'left': 0, 'mod': 1599322362, 'nid': 1599322254297, 'odid': 0, 'odue': 0, 'ord': 0, 'queue': 0, 'reps': 0, 'type': 0, 'usn': 30}
[1599668154] sched.py:answerCard(): 
[1599668154] schedv2.py:getCard(): {'data': '', 'did': 1599321832435, 'due': 119, 'factor': 0, 'flags': 0, 'id': 1599322457707, 'ivl': 0, 'lapses': 0, 'left': 0, 'mod': 1599322457, 'nid': 1599322380928, 'odid': 0, 'odue': 0, 'ord': 0, 'queue': 0, 'reps': 0, 'type': 0, 'usn': 30}
[1599668167] sched.py:answerCard(): 
[1599668167] schedv2.py:getCard(): {'data': '', 'did': 1599321832435, 'due': 120, 'factor': 0, 'flags': 0, 'id': 1599322581055, 'ivl': 0, 'lapses': 0, 'left': 0, 'mod': 1599322581, 'nid': 1599322472614, 'odid': 0, 'odue': 0, 'ord': 0, 'queue': 0, 'reps': 0, 'type': 0, 'usn': 30}
[1599668178] sched.py:answerCard(): 
[1599668178] schedv2.py:getCard(): {'data': '', 'did': 1599321832435, 'due': 121, 'factor': 0, 'flags': 0, 'id': 1599322678190, 'ivl': 0, 'lapses': 0, 'left': 0, 'mod': 1599322678, 'nid': 1599322618765, 'odid': 0, 'odue': 0, 'ord': 0, 'queue': 0, 'reps': 0, 'type': 0, 'usn': 30}
[1599668185] sched.py:answerCard(): 
[1599668185] schedv2.py:getCard(): {'data': '', 'did': 1599321832435, 'due': 122, 'factor': 0, 'flags': 0, 'id': 1599322805240, 'ivl': 0, 'lapses': 0, 'left': 0, 'mod': 1599322805, 'nid': 1599322691317, 'odid': 0, 'odue': 0, 'ord': 0, 'queue': 0, 'reps': 0, 'type': 0, 'usn': 30}
[1599668194] sched.py:answerCard(): 
[1599668194] schedv2.py:getCard(): {'data': '', 'did': 1599321832435, 'due': 123, 'factor': 0, 'flags': 0, 'id': 1599322925473, 'ivl': 0, 'lapses': 0, 'left': 0, 'mod': 1599322925, 'nid': 1599322826988, 'odid': 0, 'odue': 0, 'ord': 0, 'queue': 0, 'reps': 0, 'type': 0, 'usn': 30}
[1599668206] sched.py:answerCard(): 
[1599668206] schedv2.py:getCard(): {'data': '', 'did': 1599321832435, 'due': 124, 'factor': 0, 'flags': 0, 'id': 1599322974667, 'ivl': 0, 'lapses': 0, 'left': 0, 'mod': 1599322974, 'nid': 1599322940583, 'odid': 0, 'odue': 0, 'ord': 0, 'queue': 0, 'reps': 0, 'type': 0, 'usn': 30}
[1599668216] sched.py:answerCard(): 
[1599668216] schedv2.py:getCard(): {'data': '', 'did': 1599321832435, 'due': 125, 'factor': 0, 'flags': 0, 'id': 1599323107770, 'ivl': 0, 'lapses': 0, 'left': 0, 'mod': 1599323107, 'nid': 1599322988880, 'odid': 0, 'odue': 0, 'ord': 0, 'queue': 0, 'reps': 0, 'type': 0, 'usn': 30}
[1599668226] sched.py:answerCard(): 
[1599668226] schedv2.py:getCard(): {'data': '', 'did': 1599321832435, 'due': 126, 'factor': 0, 'flags': 0, 'id': 1599323262551, 'ivl': 0, 'lapses': 0, 'left': 0, 'mod': 1599323262, 'nid': 1599323145192, 'odid': 0, 'odue': 0, 'ord': 0, 'queue': 0, 'reps': 0, 'type': 0, 'usn': 30}
[1599668245] sched.py:answerCard(): 
[1599668245] schedv2.py:getCard(): {'data': '', 'did': 1599321832435, 'due': 127, 'factor': 0, 'flags': 0, 'id': 1599323349864, 'ivl': 0, 'lapses': 0, 'left': 0, 'mod': 1599323349, 'nid': 1599323306243, 'odid': 0, 'odue': 0, 'ord': 0, 'queue': 0, 'reps': 0, 'type': 0, 'usn': 30}
[1599668253] sched.py:answerCard(): 
[1599668253] schedv2.py:getCard(): {'data': '', 'did': 1599321832435, 'due': 128, 'factor': 0, 'flags': 0, 'id': 1599323423500, 'ivl': 0, 'lapses': 0, 'left': 0, 'mod': 1599323423, 'nid': 1599323367066, 'odid': 0, 'odue': 0, 'ord': 0, 'queue': 0, 'reps': 0, 'type': 0, 'usn': 30}
[1599668263] sched.py:answerCard(): 
[1599668263] schedv2.py:getCard(): {'data': '', 'did': 1599321832435, 'due': 129, 'factor': 0, 'flags': 0, 'id': 1599323470062, 'ivl': 0, 'lapses': 0, 'left': 0, 'mod': 1599323470, 'nid': 1599323439277, 'odid': 0, 'odue': 0, 'ord': 0, 'queue': 0, 'reps': 0, 'type': 0, 'usn': 30}
[1599668266] sched.py:answerCard(): 
[1599668266] schedv2.py:getCard(): {'data': '', 'did': 1599321832435, 'due': 130, 'factor': 0, 'flags': 0, 'id': 1599323679956, 'ivl': 0, 'lapses': 0, 'left': 0, 'mod': 1599323679, 'nid': 1599323507701, 'odid': 0, 'odue': 0, 'ord': 0, 'queue': 0, 'reps': 0, 'type': 0, 'usn': 30}
[1599668289] sched.py:answerCard(): 
[1599668289] schedv2.py:getCard(): {'data': '', 'did': 1599321832435, 'due': 131, 'factor': 0, 'flags': 0, 'id': 1599323764557, 'ivl': 0, 'lapses': 0, 'left': 0, 'mod': 1599323764, 'nid': 1599323716553, 'odid': 0, 'odue': 0, 'ord': 0, 'queue': 0, 'reps': 0, 'type': 0, 'usn': 30}
[1599668294] sched.py:answerCard(): 
[1599668294] schedv2.py:getCard(): {'data': '', 'did': 1599321832435, 'due': 132, 'factor': 0, 'flags': 0, 'id': 1599323851110, 'ivl': 0, 'lapses': 0, 'left': 0, 'mod': 1599323851, 'nid': 1599323789542, 'odid': 0, 'odue': 0, 'ord': 0, 'queue': 0, 'reps': 0, 'type': 0, 'usn': 30}
[1599668300] sched.py:answerCard(): 
[1599668300] schedv2.py:getCard(): {'data': '', 'did': 1599321832435, 'due': 1599668718, 'factor': 0, 'flags': 0, 'id': 1599321967425, 'ivl': 0, 'lapses': 0, 'left': 1001, 'mod': 1599668118, 'nid': 1599321863057, 'odid': 0, 'odue': 0, 'ord': 0, 'queue': 1, 'reps': 1, 'type': 1, 'usn': -1}
[1599668308] sched.py:answerCard(): 
[1599668308] schedv2.py:getCard(): {'data': '', 'did': 1599321832435, 'due': 1599668866, 'factor': 0, 'flags': 0, 'id': 1599323470062, 'ivl': 0, 'lapses': 0, 'left': 1001, 'mod': 1599668266, 'nid': 1599323439277, 'odid': 0, 'odue': 0, 'ord': 0, 'queue': 1, 'reps': 1, 'type': 1, 'usn': -1}
[1599668309] sched.py:answerCard(): 
[1599921577] collection.py:__init__(): /home/user/.local/share/Anki2/Mathematics/collection.anki2, 2.1.26
[1599921577] sched.py:_updateCutoff(): 25, 1600005600
[1600010765] collection.py:__init__(): /home/user/.local/share/Anki2/Mathematics/collection.anki2, 2.1.26
[1600010765] sched.py:_updateCutoff(): 26, 1600092000
[1600194441] collection.py:__init__(): /home/user/.local/share/Anki2/Mathematics/collection.anki2, 2.1.26
[1600194441] sched.py:_updateCutoff(): 28, 1600264800
[1600195096] collection.py:__init__(): /home/user/.local/share/Anki2/Mathematics/collection.anki2, 2.1.26
[1600195096] sched.py:_updateCutoff(): 28, 1600264800
[1600195099] collection.py:__init__(): /home/user/.local/share/Anki2/Mathematics/collection.anki2, 2.1.26
[1600195099] sched.py:_updateCutoff(): 28, 1600264800
[1600195101] collection.py:__init__(): /home/user/.local/share/Anki2/Mathematics/collection.anki2, 2.1.26
[1600195101] sched.py:_updateCutoff(): 28, 1600264800
[1600342195] collection.py:__init__(): /home/user/.local/share/Anki2/Mathematics/collection.anki2, 2.1.26
[1600342195] sched.py:_updateCutoff(): 29, 1600351200
[1600343021] sched.py:emptyDyn(): []
[1600343070] collection.py:__init__(): /home/user/.local/share/Anki2/Mathematics/collection.anki2, 2.1.26
[1600343070] sched.py:_updateCutoff(): 29, 1600351200
[1600944588] collection.py:__init__(): /home/user/.local/share/Anki2/Mathematics/collection.anki2, 2.1.26
[1600944588] sched.py:_updateCutoff(): 36, 1600956000
[1600949870] collection.py:__init__(): /home/user/.local/share/Anki2/Mathematics/collection.anki2, 2.1.26
[1600949870] sched.py:_updateCutoff(): 36, 1600956000
[1600973780] sched.py:_updateCutoff(): 37, 1601042400
[1600973780] sched.py:unburyCards(): []
[1601038402] collection.py:__init__(): /home/user/.local/share/Anki2/Mathematics/collection.anki2, 2.1.26
[1601038402] sched.py:_updateCutoff(): 37, 1601042400
[1601042564] sched.py:_updateCutoff(): 38, 1601128800
[1601042564] sched.py:unburyCards(): []
[1601043820] collection.py:__init__(): /home/user/.local/share/Anki2/Mathematics/collection.anki2, 2.1.26
[1601043820] sched.py:_updateCutoff(): 38, 1601128800
[1601486849] collection.py:__init__(): /home/user/.local/share/Anki2/Mathematics/collection.anki2, 2.1.26
[1601486849] sched.py:_updateCutoff(): 43, 1601560800
[1601492780] collection.py:__init__(): /home/user/.local/share/Anki2/Mathematics/collection.anki2, 2.1.26
[1601492780] sched.py:_updateCutoff(): 43, 1601560800
[1601629390] collection.py:__init__(): /home/user/.local/share/Anki2/Mathematics/collection.anki2, 2.1.26
[1601629390] sched.py:_updateCutoff(): 44, 1601647200
[1601749589] collection.py:__init__(): /home/user/.local/share/Anki2/Mathematics/collection.anki2, 2.1.26
[1601749589] sched.py:_updateCutoff(): 46, 1601820000
[1602151784] collection.py:__init__(): /home/user/.local/share/Anki2/Mathematics/collection.anki2, 2.1.26
[1602151784] sched.py:_updateCutoff(): 50, 1602165600
[1602154996] schedv2.py:getCard(): {'data': '', 'did': 1602151806594, 'due': 254, 'factor': 0, 'flags': 0, 'id': 1602151996746, 'ivl': 0, 'lapses': 0, 'left': 0, 'mod': 1602151996, 'nid': 1602151902086, 'odid': 0, 'odue': 0, 'ord': 0, 'queue': 0, 'reps': 0, 'type': 0, 'usn': -1}
[1602155010] sched.py:answerCard(): 
[1602155010] schedv2.py:getCard(): {'data': '', 'did': 1602151806594, 'due': 255, 'factor': 0, 'flags': 0, 'id': 1602152597619, 'ivl': 0, 'lapses': 0, 'left': 0, 'mod': 1602152597, 'nid': 1602152377134, 'odid': 0, 'odue': 0, 'ord': 0, 'queue': 0, 'reps': 0, 'type': 0, 'usn': -1}
[1602259632] collection.py:__init__(): /home/user/.local/share/Anki2/Mathematics/collection.anki2, 2.1.26
[1602259632] sched.py:_updateCutoff(): 52, 1602338400
[1602267104] schedv2.py:getCard(): {'data': '', 'did': 1602259651664, 'due': 260, 'factor': 0, 'flags': 0, 'id': 1602259905353, 'ivl': 0, 'lapses': 0, 'left': 0, 'mod': 1602259905, 'nid': 1602259661199, 'odid': 0, 'odue': 0, 'ord': 0, 'queue': 0, 'reps': 0, 'type': 0, 'usn': -1}
[1602502130] collection.py:__init__(): /home/user/.local/share/Anki2/Mathematics/collection.anki2, 2.1.26
[1602502130] sched.py:_updateCutoff(): 54, 1602511200
[1602779256] collection.py:__init__(): /home/user/.local/share/Anki2/Mathematics/collection.anki2, 2.1.26
[1602779256] sched.py:_updateCutoff(): 58, 1602856800
[1603202965] collection.py:__init__(): /home/user/.local/share/Anki2/Mathematics/collection.anki2, 2.1.26
[1603202965] sched.py:_updateCutoff(): 63, 1603288800
[1603796335] collection.py:__init__(): /home/user/.local/share/Anki2/Mathematics/collection.anki2, 2.1.26
[1603796335] sched.py:_updateCutoff(): 69, 1603807200
[1603807481] sched.py:_updateCutoff(): 70, 1603893600
[1603807481] sched.py:unburyCards(): []
[1603898824] collection.py:__init__(): /home/user/.local/share/Anki2/Mathematics/collection.anki2, 2.1.26
[1603898824] sched.py:_updateCutoff(): 71, 1603980000
[1604014638] collection.py:__init__(): /home/user/.local/share/Anki2/Mathematics/collection.anki2, 2.1.26
[1604014638] sched.py:_updateCutoff(): 72, 1604066400
[1604014980] sched.py:emptyDyn(): []
[1604014980] sched.py:_fillDyn(): 1604014980695, [1602261329605, 1602267014159, 1602260233364, 1602260502003, 1602265324851, 1602261064352, 1602259905353]
[1604014982] schedv2.py:getCard(): {'data': '', 'did': 1604014980695, 'due': -100000, 'factor': 2500, 'flags': 0, 'id': 1602261329605, 'ivl': 6, 'lapses': 0, 'left': 1001, 'mod': 1602788891, 'nid': 1602261154967, 'odid': 1602259651664, 'odue': 64, 'ord': 0, 'queue': 2, 'reps': 4, 'type': 2, 'usn': -1}
[1604014986] sched.py:answerCard(): 
[1604014986] schedv2.py:getCard(): {'data': '', 'did': 1604014980695, 'due': -99999, 'factor': 2500, 'flags': 0, 'id': 1602267014159, 'ivl': 4, 'lapses': 0, 'left': 1001, 'mod': 1602589394, 'nid': 1602266586558, 'odid': 1602259651664, 'odue': 59, 'ord': 0, 'queue': 2, 'reps': 3, 'type': 2, 'usn': -1}
[1604014998] sched.py:answerCard(): 
[1604014998] schedv2.py:getCard(): {'data': '', 'did': 1604014980695, 'due': -99998, 'factor': 2500, 'flags': 0, 'id': 1602260233364, 'ivl': 4, 'lapses': 0, 'left': 1001, 'mod': 1602589406, 'nid': 1602259948157, 'odid': 1602259651664, 'odue': 59, 'ord': 0, 'queue': 2, 'reps': 3, 'type': 2, 'usn': -1}
[1604015004] sched.py:answerCard(): 
[1604015004] schedv2.py:getCard(): {'data': '', 'did': 1604014980695, 'due': -99997, 'factor': 2500, 'flags': 0, 'id': 1602260502003, 'ivl': 4, 'lapses': 0, 'left': 1001, 'mod': 1602589382, 'nid': 1602260284417, 'odid': 1602259651664, 'odue': 59, 'ord': 0, 'queue': 2, 'reps': 3, 'type': 2, 'usn': -1}
[1604015021] sched.py:answerCard(): 
[1604015021] schedv2.py:getCard(): {'data': '', 'did': 1604014980695, 'due': -99996, 'factor': 2500, 'flags': 0, 'id': 1602265324851, 'ivl': 9, 'lapses': 0, 'left': 1001, 'mod': 1602788870, 'nid': 1602261423303, 'odid': 1602259651664, 'odue': 67, 'ord': 0, 'queue': 2, 'reps': 4, 'type': 2, 'usn': -1}
[1604015024] sched.py:answerCard(): 
[1604015024] schedv2.py:getCard(): {'data': '', 'did': 1604014980695, 'due': -99995, 'factor': 2500, 'flags': 0, 'id': 1602261064352, 'ivl': 4, 'lapses': 0, 'left': 1001, 'mod': 1602788902, 'nid': 1602260635376, 'odid': 1602259651664, 'odue': 62, 'ord': 0, 'queue': 2, 'reps': 4, 'type': 2, 'usn': -1}
[1604015037] sched.py:answerCard(): 
[1604015037] schedv2.py:getCard(): {'data': '', 'did': 1604014980695, 'due': -99994, 'factor': 2500, 'flags': 0, 'id': 1602259905353, 'ivl': 4, 'lapses': 0, 'left': 1001, 'mod': 1602589379, 'nid': 1602259661199, 'odid': 1602259651664, 'odue': 59, 'ord': 0, 'queue': 2, 'reps': 3, 'type': 2, 'usn': -1}
[1604015046] sched.py:answerCard(): 
[1604015049] sched.py:emptyDyn(): []
[1604015049] sched.py:_fillDyn(): 1604014980695, [1602260502003, 1602259905353, 1602267014159, 1602261064352, 1602260233364, 1602265324851, 1602261329605]
[1604015072] sched.py:emptyDyn(): [1602260502003,
 1602259905353,
 1602267014159,
 1602261064352,
 1602260233364,
 1602265324851,
 1602261329605]
[1604015091] sched.py:emptyDyn(): []
[1604015123] schedv2.py:getCard(): {'data': '', 'did': 1602259651664, 'due': 287, 'factor': 0, 'flags': 0, 'id': 1603797152873, 'ivl': 0, 'lapses': 0, 'left': 0, 'mod': 1603797152, 'nid': 1603796998033, 'odid': 0, 'odue': 0, 'ord': 0, 'queue': 0, 'reps': 0, 'type': 0, 'usn': 81}
[1604015139] sched.py:answerCard(): 
[1604015139] schedv2.py:getCard(): {'data': '', 'did': 1602259651664, 'due': 288, 'factor': 0, 'flags': 0, 'id': 1603797286603, 'ivl': 0, 'lapses': 0, 'left': 0, 'mod': 1603797286, 'nid': 1603797188784, 'odid': 0, 'odue': 0, 'ord': 0, 'queue': 0, 'reps': 0, 'type': 0, 'usn': 81}
[1604015147] sched.py:answerCard(): 
[1604015147] schedv2.py:getCard(): {'data': '', 'did': 1602259651664, 'due': 289, 'factor': 0, 'flags': 0, 'id': 1603797372101, 'ivl': 0, 'lapses': 0, 'left': 0, 'mod': 1603797372, 'nid': 1603797309325, 'odid': 0, 'odue': 0, 'ord': 0, 'queue': 0, 'reps': 0, 'type': 0, 'usn': 81}
[1604015155] sched.py:answerCard(): 
[1604015155] schedv2.py:getCard(): {'data': '', 'did': 1602259651664, 'due': 290, 'factor': 0, 'flags': 0, 'id': 1603797760454, 'ivl': 0, 'lapses': 0, 'left': 0, 'mod': 1603797760, 'nid': 1603797418582, 'odid': 0, 'odue': 0, 'ord': 0, 'queue': 0, 'reps': 0, 'type': 0, 'usn': 81}
[1604015165] sched.py:answerCard(): 
[1604015165] schedv2.py:getCard(): {'data': '', 'did': 1602259651664, 'due': 291, 'factor': 0, 'flags': 0, 'id': 1603798190424, 'ivl': 0, 'lapses': 0, 'left': 0, 'mod': 1603798190, 'nid': 1603797915792, 'odid': 0, 'odue': 0, 'ord': 0, 'queue': 0, 'reps': 0, 'type': 0, 'usn': 81}
[1604015170] sched.py:answerCard(): 
[1604015170] schedv2.py:getCard(): {'data': '', 'did': 1602259651664, 'due': 292, 'factor': 0, 'flags': 0, 'id': 1603799410143, 'ivl': 0, 'lapses': 0, 'left': 0, 'mod': 1603799410, 'nid': 1603798275129, 'odid': 0, 'odue': 0, 'ord': 0, 'queue': 0, 'reps': 0, 'type': 0, 'usn': 81}
[1604015188] sched.py:answerCard(): 
[1604015188] schedv2.py:getCard(): {'data': '', 'did': 1602259651664, 'due': 293, 'factor': 0, 'flags': 0, 'id': 1603799605314, 'ivl': 0, 'lapses': 0, 'left': 0, 'mod': 1603799605, 'nid': 1603799482297, 'odid': 0, 'odue': 0, 'ord': 0, 'queue': 0, 'reps': 0, 'type': 0, 'usn': 81}
[1604015195] sched.py:answerCard(): 
[1604015195] schedv2.py:getCard(): {'data': '', 'did': 1602259651664, 'due': 294, 'factor': 0, 'flags': 0, 'id': 1603812843971, 'ivl': 0, 'lapses': 0, 'left': 0, 'mod': 1603812843, 'nid': 1603812591180, 'odid': 0, 'odue': 0, 'ord': 0, 'queue': 0, 'reps': 0, 'type': 0, 'usn': 81}
[1604015199] sched.py:answerCard(): 
[1604015199] schedv2.py:getCard(): {'data': '', 'did': 1602259651664, 'due': 295, 'factor': 0, 'flags': 0, 'id': 1603813192876, 'ivl': 0, 'lapses': 0, 'left': 0, 'mod': 1603813192, 'nid': 1603812868186, 'odid': 0, 'odue': 0, 'ord': 0, 'queue': 0, 'reps': 0, 'type': 0, 'usn': 81}
[1604015208] sched.py:answerCard(): 
[1604015208] schedv2.py:getCard(): {'data': '', 'did': 1602259651664, 'due': 296, 'factor': 0, 'flags': 0, 'id': 1603813399069, 'ivl': 0, 'lapses': 0, 'left': 0, 'mod': 1603813399, 'nid': 1603813221390, 'odid': 0, 'odue': 0, 'ord': 0, 'queue': 0, 'reps': 0, 'type': 0, 'usn': 81}
[1604015215] sched.py:answerCard(): 
[1604015215] schedv2.py:getCard(): {'data': '', 'did': 1602259651664, 'due': 297, 'factor': 0, 'flags': 0, 'id': 1603813442098, 'ivl': 0, 'lapses': 0, 'left': 0, 'mod': 1603813442, 'nid': 1603813407790, 'odid': 0, 'odue': 0, 'ord': 0, 'queue': 0, 'reps': 0, 'type': 0, 'usn': 81}
[1604015217] sched.py:answerCard(): 
[1604015217] schedv2.py:getCard(): {'data': '', 'did': 1602259651664, 'due': 298, 'factor': 0, 'flags': 0, 'id': 1603813633116, 'ivl': 0, 'lapses': 0, 'left': 0, 'mod': 1603813633, 'nid': 1603813466560, 'odid': 0, 'odue': 0, 'ord': 0, 'queue': 0, 'reps': 0, 'type': 0, 'usn': 81}
[1604015226] sched.py:answerCard(): 
[1604015226] schedv2.py:getCard(): {'data': '', 'did': 1602259651664, 'due': 299, 'factor': 0, 'flags': 0, 'id': 1603814295398, 'ivl': 0, 'lapses': 0, 'left': 0, 'mod': 1603814295, 'nid': 1603813779571, 'odid': 0, 'odue': 0, 'ord': 0, 'queue': 0, 'reps': 0, 'type': 0, 'usn': 81}
[1604015229] sched.py:answerCard(): 
[1604015229] schedv2.py:getCard(): {'data': '', 'did': 1602259651664, 'due': 300, 'factor': 0, 'flags': 0, 'id': 1603814399536, 'ivl': 0, 'lapses': 0, 'left': 0, 'mod': 1603814399, 'nid': 1603814343099, 'odid': 0, 'odue': 0, 'ord': 0, 'queue': 0, 'reps': 0, 'type': 0, 'usn': 81}
[1604015231] sched.py:answerCard(): 
[1604015231] schedv2.py:getCard(): {'data': '', 'did': 1602259651664, 'due': 301, 'factor': 0, 'flags': 0, 'id': 1603815959246, 'ivl': 0, 'lapses': 0, 'left': 0, 'mod': 1603815959, 'nid': 1603814561176, 'odid': 0, 'odue': 0, 'ord': 0, 'queue': 0, 'reps': 0, 'type': 0, 'usn': 81}
[1604015247] sched.py:answerCard(): 
[1604015247] schedv2.py:getCard(): {'data': '', 'did': 1602259651664, 'due': 302, 'factor': 0, 'flags': 0, 'id': 1603901948256, 'ivl': 0, 'lapses': 0, 'left': 0, 'mod': 1603901948, 'nid': 1603901757535, 'odid': 0, 'odue': 0, 'ord': 0, 'queue': 0, 'reps': 0, 'type': 0, 'usn': 83}
[1604015249] sched.py:answerCard(): 
[1604015249] schedv2.py:getCard(): {'data': '', 'did': 1602259651664, 'due': 303, 'factor': 0, 'flags': 0, 'id': 1603902105800, 'ivl': 0, 'lapses': 0, 'left': 0, 'mod': 1603902105, 'nid': 1603902023389, 'odid': 0, 'odue': 0, 'ord': 0, 'queue': 0, 'reps': 0, 'type': 0, 'usn': 83}
[1604015250] sched.py:answerCard(): 
[1604015250] schedv2.py:getCard(): {'data': '', 'did': 1602259651664, 'due': 304, 'factor': 0, 'flags': 0, 'id': 1603902398288, 'ivl': 0, 'lapses': 0, 'left': 0, 'mod': 1603902398, 'nid': 1603902203860, 'odid': 0, 'odue': 0, 'ord': 0, 'queue': 0, 'reps': 0, 'type': 0, 'usn': 83}
[1604015252] sched.py:answerCard(): 
[1604015252] schedv2.py:getCard(): {'data': '', 'did': 1602259651664, 'due': 305, 'factor': 0, 'flags': 0, 'id': 1603902860917, 'ivl': 0, 'lapses': 0, 'left': 0, 'mod': 1603902860, 'nid': 1603902434930, 'odid': 0, 'odue': 0, 'ord': 0, 'queue': 0, 'reps': 0, 'type': 0, 'usn': 83}
[1604015260] sched.py:answerCard(): 
[1604015260] schedv2.py:getCard(): {'data': '', 'did': 1602259651664, 'due': 306, 'factor': 0, 'flags': 0, 'id': 1603907625509, 'ivl': 0, 'lapses': 0, 'left': 0, 'mod': 1603907625, 'nid': 1603907417863, 'odid': 0, 'odue': 0, 'ord': 0, 'queue': 0, 'reps': 0, 'type': 0, 'usn': 83}
[1604015261] sched.py:answerCard(): 
[1604015261] schedv2.py:getCard(): {'data': '', 'did': 1602259651664, 'due': 1604015747, 'factor': 0, 'flags': 0, 'id': 1603797286603, 'ivl': 0, 'lapses': 0, 'left': 1001, 'mod': 1604015147, 'nid': 1603797188784, 'odid': 0, 'odue': 0, 'ord': 0, 'queue': 1, 'reps': 1, 'type': 1, 'usn': -1}
[1604015263] sched.py:answerCard(): 
[1604015263] schedv2.py:getCard(): {'data': '', 'did': 1602259651664, 'due': 1604015755, 'factor': 0, 'flags': 0, 'id': 1603797372101, 'ivl': 0, 'lapses': 0, 'left': 1001, 'mod': 1604015155, 'nid': 1603797309325, 'odid': 0, 'odue': 0, 'ord': 0, 'queue': 1, 'reps': 1, 'type': 1, 'usn': -1}
[1604015265] sched.py:answerCard(): 
[1604015265] schedv2.py:getCard(): {'data': '', 'did': 1602259651664, 'due': 1604015765, 'factor': 0, 'flags': 0, 'id': 1603797760454, 'ivl': 0, 'lapses': 0, 'left': 1001, 'mod': 1604015165, 'nid': 1603797418582, 'odid': 0, 'odue': 0, 'ord': 0, 'queue': 1, 'reps': 1, 'type': 1, 'usn': -1}
[1604015268] sched.py:answerCard(): 
[1604015268] schedv2.py:getCard(): {'data': '', 'did': 1602259651664, 'due': 1604015770, 'factor': 0, 'flags': 0, 'id': 1603798190424, 'ivl': 0, 'lapses': 0, 'left': 1001, 'mod': 1604015170, 'nid': 1603797915792, 'odid': 0, 'odue': 0, 'ord': 0, 'queue': 1, 'reps': 1, 'type': 1, 'usn': -1}
[1604015269] sched.py:answerCard(): 
[1604015269] schedv2.py:getCard(): {'data': '', 'did': 1602259651664, 'due': 1604015788, 'factor': 0, 'flags': 0, 'id': 1603799410143, 'ivl': 0, 'lapses': 0, 'left': 1001, 'mod': 1604015188, 'nid': 1603798275129, 'odid': 0, 'odue': 0, 'ord': 0, 'queue': 1, 'reps': 1, 'type': 1, 'usn': -1}
[1604015270] sched.py:answerCard(): 
[1604015270] schedv2.py:getCard(): {'data': '', 'did': 1602259651664, 'due': 1604015795, 'factor': 0, 'flags': 0, 'id': 1603799605314, 'ivl': 0, 'lapses': 0, 'left': 1001, 'mod': 1604015195, 'nid': 1603799482297, 'odid': 0, 'odue': 0, 'ord': 0, 'queue': 1, 'reps': 1, 'type': 1, 'usn': -1}
[1604015270] sched.py:answerCard(): 
[1604015270] schedv2.py:getCard(): {'data': '', 'did': 1602259651664, 'due': 1604015799, 'factor': 0, 'flags': 0, 'id': 1603812843971, 'ivl': 0, 'lapses': 0, 'left': 1001, 'mod': 1604015199, 'nid': 1603812591180, 'odid': 0, 'odue': 0, 'ord': 0, 'queue': 1, 'reps': 1, 'type': 1, 'usn': -1}
[1604015271] sched.py:answerCard(): 
[1604015271] schedv2.py:getCard(): {'data': '', 'did': 1602259651664, 'due': 1604015808, 'factor': 0, 'flags': 0, 'id': 1603813192876, 'ivl': 0, 'lapses': 0, 'left': 1001, 'mod': 1604015208, 'nid': 1603812868186, 'odid': 0, 'odue': 0, 'ord': 0, 'queue': 1, 'reps': 1, 'type': 1, 'usn': -1}
[1604015273] sched.py:answerCard(): 
[1604015273] schedv2.py:getCard(): {'data': '', 'did': 1602259651664, 'due': 1604015815, 'factor': 0, 'flags': 0, 'id': 1603813399069, 'ivl': 0, 'lapses': 0, 'left': 1001, 'mod': 1604015215, 'nid': 1603813221390, 'odid': 0, 'odue': 0, 'ord': 0, 'queue': 1, 'reps': 1, 'type': 1, 'usn': -1}
[1604015273] sched.py:answerCard(): 
[1604015273] schedv2.py:getCard(): {'data': '', 'did': 1602259651664, 'due': 1604015817, 'factor': 0, 'flags': 0, 'id': 1603813442098, 'ivl': 0, 'lapses': 0, 'left': 1001, 'mod': 1604015217, 'nid': 1603813407790, 'odid': 0, 'odue': 0, 'ord': 0, 'queue': 1, 'reps': 1, 'type': 1, 'usn': -1}
[1604015274] sched.py:answerCard(): 
[1604015274] schedv2.py:getCard(): {'data': '', 'did': 1602259651664, 'due': 1604015826, 'factor': 0, 'flags': 0, 'id': 1603813633116, 'ivl': 0, 'lapses': 0, 'left': 1001, 'mod': 1604015226, 'nid': 1603813466560, 'odid': 0, 'odue': 0, 'ord': 0, 'queue': 1, 'reps': 1, 'type': 1, 'usn': -1}
[1604015278] sched.py:answerCard(): 
[1604015278] schedv2.py:getCard(): {'data': '', 'did': 1602259651664, 'due': 1604015829, 'factor': 0, 'flags': 0, 'id': 1603814295398, 'ivl': 0, 'lapses': 0, 'left': 1001, 'mod': 1604015229, 'nid': 1603813779571, 'odid': 0, 'odue': 0, 'ord': 0, 'queue': 1, 'reps': 1, 'type': 1, 'usn': -1}
[1604015287] sched.py:answerCard(): 
[1604015287] schedv2.py:getCard(): {'data': '', 'did': 1602259651664, 'due': 1604015831, 'factor': 0, 'flags': 0, 'id': 1603814399536, 'ivl': 0, 'lapses': 0, 'left': 1001, 'mod': 1604015231, 'nid': 1603814343099, 'odid': 0, 'odue': 0, 'ord': 0, 'queue': 1, 'reps': 1, 'type': 1, 'usn': -1}
[1604015288] sched.py:answerCard(): 
[1604015288] schedv2.py:getCard(): {'data': '', 'did': 1602259651664, 'due': 1604015847, 'factor': 0, 'flags': 0, 'id': 1603815959246, 'ivl': 0, 'lapses': 0, 'left': 1001, 'mod': 1604015247, 'nid': 1603814561176, 'odid': 0, 'odue': 0, 'ord': 0, 'queue': 1, 'reps': 1, 'type': 1, 'usn': -1}
[1604015289] sched.py:answerCard(): 
[1604015289] schedv2.py:getCard(): {'data': '', 'did': 1602259651664, 'due': 1604015849, 'factor': 0, 'flags': 0, 'id': 1603901948256, 'ivl': 0, 'lapses': 0, 'left': 1001, 'mod': 1604015249, 'nid': 1603901757535, 'odid': 0, 'odue': 0, 'ord': 0, 'queue': 1, 'reps': 1, 'type': 1, 'usn': -1}
[1604015290] sched.py:answerCard(): 
[1604015290] schedv2.py:getCard(): {'data': '', 'did': 1602259651664, 'due': 1604015850, 'factor': 0, 'flags': 0, 'id': 1603902105800, 'ivl': 0, 'lapses': 0, 'left': 1001, 'mod': 1604015250, 'nid': 1603902023389, 'odid': 0, 'odue': 0, 'ord': 0, 'queue': 1, 'reps': 1, 'type': 1, 'usn': -1}
[1604015291] sched.py:answerCard(): 
[1604015291] schedv2.py:getCard(): {'data': '', 'did': 1602259651664, 'due': 1604015852, 'factor': 0, 'flags': 0, 'id': 1603902398288, 'ivl': 0, 'lapses': 0, 'left': 1001, 'mod': 1604015252, 'nid': 1603902203860, 'odid': 0, 'odue': 0, 'ord': 0, 'queue': 1, 'reps': 1, 'type': 1, 'usn': -1}
[1604015291] sched.py:answerCard(): 
[1604015291] schedv2.py:getCard(): {'data': '', 'did': 1602259651664, 'due': 1604015860, 'factor': 0, 'flags': 0, 'id': 1603902860917, 'ivl': 0, 'lapses': 0, 'left': 1001, 'mod': 1604015260, 'nid': 1603902434930, 'odid': 0, 'odue': 0, 'ord': 0, 'queue': 1, 'reps': 1, 'type': 1, 'usn': -1}
[1604015293] sched.py:answerCard(): 
[1604015293] schedv2.py:getCard(): {'data': '', 'did': 1602259651664, 'due': 1604015861, 'factor': 0, 'flags': 0, 'id': 1603907625509, 'ivl': 0, 'lapses': 0, 'left': 1001, 'mod': 1604015261, 'nid': 1603907417863, 'odid': 0, 'odue': 0, 'ord': 0, 'queue': 1, 'reps': 1, 'type': 1, 'usn': -1}
[1604015294] sched.py:answerCard(): 
[1604091114] collection.py:__init__(): /home/user/.local/share/Anki2/Mathematics/collection.anki2, 2.1.26
[1604091114] sched.py:_updateCutoff(): 73, 1604152800
[1604308027] collection.py:__init__(): /home/user/.local/share/Anki2/Mathematics/collection.anki2, 2.1.26
[1604308027] sched.py:_updateCutoff(): 75, 1604325600
[1604308331] sched.py:emptyDyn(): []
[1604309051] sched.py:emptyDyn(): []
[1604309056] sched.py:emptyDyn(): []
[1604309062] sched.py:emptyDyn(): []
[1604415682] collection.py:__init__(): /home/user/.local/share/Anki2/Mathematics/collection.anki2, 2.1.26
[1604415682] sched.py:_updateCutoff(): 77, 1604498400
[1604502988] collection.py:__init__(): /home/user/.local/share/Anki2/Mathematics/collection.anki2, 2.1.26
[1604502988] sched.py:_updateCutoff(): 78, 1604584800
[1604594960] collection.py:__init__(): /home/user/.local/share/Anki2/Mathematics/collection.anki2, 2.1.26
[1604594960] sched.py:_updateCutoff(): 79, 1604671200
[1604594966] schedv2.py:getCard(): {'data': '', 'did': 1602151806594, 'due': 77, 'factor': 2500, 'flags': 0, 'id': 1604308906046, 'ivl': 1, 'lapses': 0, 'left': 1001, 'mod': 1604339427, 'nid': 1604308845161, 'odid': 0, 'odue': 0, 'ord': 0, 'queue': 2, 'reps': 2, 'type': 2, 'usn': 97}
[1604594977] sched.py:answerCard(): 
[1604594977] schedv2.py:getCard(): {'data': '', 'did': 1602151806594, 'due': 77, 'factor': 2500, 'flags': 0, 'id': 1604310679974, 'ivl': 1, 'lapses': 0, 'left': 1001, 'mod': 1604339500, 'nid': 1604310543361, 'odid': 0, 'odue': 0, 'ord': 0, 'queue': 2, 'reps': 2, 'type': 2, 'usn': 97}
[1604594982] sched.py:answerCard(): 
[1604594982] schedv2.py:getCard(): {'data': '', 'did': 1602151806594, 'due': 325, 'factor': 0, 'flags': 0, 'id': 1604415866741, 'ivl': 0, 'lapses': 0, 'left': 0, 'mod': 1604415866, 'nid': 1604415727121, 'odid': 0, 'odue': 0, 'ord': 0, 'queue': 0, 'reps': 0, 'type': 0, 'usn': 94}
[1604594992] sched.py:answerCard(): 
[1604594992] schedv2.py:getCard(): {'data': '', 'did': 1602151806594, 'due': 77, 'factor': 2500, 'flags': 0, 'id': 1604310142557, 'ivl': 1, 'lapses': 0, 'left': 1001, 'mod': 1604339445, 'nid': 1604310017560, 'odid': 0, 'odue': 0, 'ord': 0, 'queue': 2, 'reps': 2, 'type': 2, 'usn': 97}
[1604594995] sched.py:answerCard(): 
[1604594995] schedv2.py:getCard(): {'data': '', 'did': 1602151806594, 'due': 326, 'factor': 0, 'flags': 0, 'id': 1604415964906, 'ivl': 0, 'lapses': 0, 'left': 0, 'mod': 1604415964, 'nid': 1604415866755, 'odid': 0, 'odue': 0, 'ord': 0, 'queue': 0, 'reps': 0, 'type': 0, 'usn': 94}
[1604595004] sched.py:answerCard(): 
[1604595004] schedv2.py:getCard(): {'data': '', 'did': 1602151806594, 'due': 77, 'factor': 2500, 'flags': 0, 'id': 1604308984272, 'ivl': 1, 'lapses': 0, 'left': 1001, 'mod': 1604339411, 'nid': 1604308906053, 'odid': 0, 'odue': 0, 'ord': 0, 'queue': 2, 'reps': 2, 'type': 2, 'usn': 97}
[1604595010] sched.py:answerCard(): 
[1604595010] schedv2.py:getCard(): {'data': '', 'did': 1602151806594, 'due': 327, 'factor': 0, 'flags': 0, 'id': 1604416070412, 'ivl': 0, 'lapses': 0, 'left': 0, 'mod': 1604416070, 'nid': 1604416039518, 'odid': 0, 'odue': 0, 'ord': 0, 'queue': 0, 'reps': 0, 'type': 0, 'usn': 94}
[1604595016] sched.py:answerCard(): 
[1604595016] schedv2.py:getCard(): {'data': '', 'did': 1602151806594, 'due': 77, 'factor': 2500, 'flags': 0, 'id': 1604308845153, 'ivl': 1, 'lapses': 0, 'left': 1001, 'mod': 1604339414, 'nid': 1604308807460, 'odid': 0, 'odue': 0, 'ord': 0, 'queue': 2, 'reps': 2, 'type': 2, 'usn': 97}
[1604595021] sched.py:answerCard(): 
[1604595021] schedv2.py:getCard(): {'data': '', 'did': 1602151806594, 'due': 328, 'factor': 0, 'flags': 0, 'id': 1604416178893, 'ivl': 0, 'lapses': 0, 'left': 0, 'mod': 1604416178, 'nid': 1604416118198, 'odid': 0, 'odue': 0, 'ord': 0, 'queue': 0, 'reps': 0, 'type': 0, 'usn': 94}
[1604595028] sched.py:answerCard(): 
[1604595028] schedv2.py:getCard(): {'data': '', 'did': 1602151806594, 'due': 79, 'factor': 2500, 'flags': 0, 'id': 1602779413533, 'ivl': 12, 'lapses': 0, 'left': 1001, 'mod': 1603619514, 'nid': 1602779268996, 'odid': 0, 'odue': 0, 'ord': 0, 'queue': 2, 'reps': 3, 'type': 2, 'usn': 79}
[1604595039] sched.py:answerCard(): 
[1604595039] schedv2.py:getCard(): {'data': '', 'did': 1602151806594, 'due': 329, 'factor': 0, 'flags': 0, 'id': 1604416291990, 'ivl': 0, 'lapses': 0, 'left': 0, 'mod': 1604416291, 'nid': 1604416178910, 'odid': 0, 'odue': 0, 'ord': 0, 'queue': 0, 'reps': 0, 'type': 0, 'usn': 94}
[1604595044] sched.py:answerCard(): 
[1604595044] schedv2.py:getCard(): {'data': '', 'did': 1602151806594, 'due': 77, 'factor': 2500, 'flags': 0, 'id': 1604311178438, 'ivl': 1, 'lapses': 0, 'left': 1001, 'mod': 1604339496, 'nid': 1604310927744, 'odid': 0, 'odue': 0, 'ord': 0, 'queue': 2, 'reps': 2, 'type': 2, 'usn': 97}
[1604595065] sched.py:answerCard(): 
[1604595065] schedv2.py:getCard(): {'data': '', 'did': 1602151806594, 'due': 330, 'factor': 0, 'flags': 0, 'id': 1604416499096, 'ivl': 0, 'lapses': 0, 'left': 0, 'mod': 1604416499, 'nid': 1604416321387, 'odid': 0, 'odue': 0, 'ord': 0, 'queue': 0, 'reps': 0, 'type': 0, 'usn': 94}
[1604595071] sched.py:answerCard(): 
[1604595071] schedv2.py:getCard(): {'data': '', 'did': 1602151806594, 'due': 77, 'factor': 2500, 'flags': 0, 'id': 1604310377134, 'ivl': 1, 'lapses': 0, 'left': 1001, 'mod': 1604339431, 'nid': 1604310204292, 'odid': 0, 'odue': 0, 'ord': 0, 'queue': 2, 'reps': 2, 'type': 2, 'usn': 97}
[1604595079] sched.py:answerCard(): 
[1604595079] schedv2.py:getCard(): {'data': '', 'did': 1602151806594, 'due': 331, 'factor': 0, 'flags': 0, 'id': 1604416647584, 'ivl': 0, 'lapses': 0, 'left': 0, 'mod': 1604416647, 'nid': 1604416499101, 'odid': 0, 'odue': 0, 'ord': 0, 'queue': 0, 'reps': 0, 'type': 0, 'usn': 94}
[1604595092] sched.py:answerCard(): 
[1604595092] schedv2.py:getCard(): {'data': '', 'did': 1602151806594, 'due': 77, 'factor': 2500, 'flags': 0, 'id': 1604309441339, 'ivl': 1, 'lapses': 0, 'left': 1001, 'mod': 1604339483, 'nid': 1604309320614, 'odid': 0, 'odue': 0, 'ord': 0, 'queue': 2, 'reps': 2, 'type': 2, 'usn': 97}
[1604595102] sched.py:answerCard(): 
[1604595102] schedv2.py:getCard(): {'data': '', 'did': 1602151806594, 'due': 332, 'factor': 0, 'flags': 0, 'id': 1604416814552, 'ivl': 0, 'lapses': 0, 'left': 0, 'mod': 1604416814, 'nid': 1604416647664, 'odid': 0, 'odue': 0, 'ord': 0, 'queue': 0, 'reps': 0, 'type': 0, 'usn': 94}
[1604595129] sched.py:answerCard(): 
[1604595129] schedv2.py:getCard(): {'data': '', 'did': 1602151806594, 'due': 77, 'factor': 2500, 'flags': 0, 'id': 1604308767947, 'ivl': 1, 'lapses': 0, 'left': 1001, 'mod': 1604339405, 'nid': 1604308700384, 'odid': 0, 'odue': 0, 'ord': 0, 'queue': 2, 'reps': 2, 'type': 2, 'usn': 97}
[1604595134] sched.py:answerCard(): 
[1604595134] schedv2.py:getCard(): {'data': '', 'did': 1602151806594, 'due': 333, 'factor': 0, 'flags': 0, 'id': 1604417329641, 'ivl': 0, 'lapses': 0, 'left': 0, 'mod': 1604417329, 'nid': 1604416951083, 'odid': 0, 'odue': 0, 'ord': 0, 'queue': 0, 'reps': 0, 'type': 0, 'usn': 94}
[1604595147] sched.py:answerCard(): 
[1604595147] schedv2.py:getCard(): {'data': '', 'did': 1602151806594, 'due': 77, 'factor': 2500, 'flags': 0, 'id': 1604308700372, 'ivl': 1, 'lapses': 0, 'left': 1001, 'mod': 1604339408, 'nid': 1604308622308, 'odid': 0, 'odue': 0, 'ord': 0, 'queue': 2, 'reps': 2, 'type': 2, 'usn': 97}
[1604595152] sched.py:answerCard(): 
[1604595152] schedv2.py:getCard(): {'data': '', 'did': 1602151806594, 'due': 334, 'factor': 0, 'flags': 0, 'id': 1604417563434, 'ivl': 0, 'lapses': 0, 'left': 0, 'mod': 1604417563, 'nid': 1604417444702, 'odid': 0, 'odue': 0, 'ord': 0, 'queue': 0, 'reps': 0, 'type': 0, 'usn': 94}
[1604595164] sched.py:answerCard(): 
[1604595164] schedv2.py:getCard(): {'data': '', 'did': 1602151806594, 'due': 77, 'factor': 2500, 'flags': 0, 'id': 1604310875664, 'ivl': 1, 'lapses': 0, 'left': 1001, 'mod': 1604339503, 'nid': 1604310724523, 'odid': 0, 'odue': 0, 'ord': 0, 'queue': 2, 'reps': 2, 'type': 2, 'usn': 97}
[1604595181] sched.py:answerCard(): 
[1604595181] schedv2.py:getCard(): {'data': '', 'did': 1602151806594, 'due': 335, 'factor': 0, 'flags': 0, 'id': 1604417768871, 'ivl': 0, 'lapses': 0, 'left': 0, 'mod': 1604417768, 'nid': 1604417650625, 'odid': 0, 'odue': 0, 'ord': 0, 'queue': 0, 'reps': 0, 'type': 0, 'usn': 94}
[1604595185] sched.py:answerCard(): 
[1604595185] schedv2.py:getCard(): {'data': '', 'did': 1602151806594, 'due': 77, 'factor': 2500, 'flags': 0, 'id': 1604308234163, 'ivl': 1, 'lapses': 0, 'left': 1001, 'mod': 1604339420, 'nid': 1604308122130, 'odid': 0, 'odue': 0, 'ord': 0, 'queue': 2, 'reps': 2, 'type': 2, 'usn': 97}
[1604595200] sched.py:answerCard(): 
[1604595200] schedv2.py:getCard(): {'data': '', 'did': 1602151806594, 'due': 336, 'factor': 0, 'flags': 0, 'id': 1604417798023, 'ivl': 0, 'lapses': 0, 'left': 0, 'mod': 1604417798, 'nid': 1604417768887, 'odid': 0, 'odue': 0, 'ord': 0, 'queue': 0, 'reps': 0, 'type': 0, 'usn': 94}
[1604595205] sched.py:answerCard(): 
[1604595205] schedv2.py:getCard(): {'data': '', 'did': 1602151806594, 'due': 77, 'factor': 2500, 'flags': 0, 'id': 1604309527847, 'ivl': 1, 'lapses': 0, 'left': 1001, 'mod': 1604339449, 'nid': 1604309441419, 'odid': 0, 'odue': 0, 'ord': 0, 'queue': 2, 'reps': 2, 'type': 2, 'usn': 97}
[1604595214] sched.py:answerCard(): 
[1604595214] schedv2.py:getCard(): {'data': '', 'did': 1602151806594, 'due': 337, 'factor': 0, 'flags': 0, 'id': 1604418006169, 'ivl': 0, 'lapses': 0, 'left': 0, 'mod': 1604418006, 'nid': 1604417798026, 'odid': 0, 'odue': 0, 'ord': 0, 'queue': 0, 'reps': 0, 'type': 0, 'usn': 94}
[1604595222] sched.py:answerCard(): 
[1604595222] schedv2.py:getCard(): {'data': '', 'did': 1602151806594, 'due': 77, 'factor': 2500, 'flags': 0, 'id': 1604309320608, 'ivl': 1, 'lapses': 0, 'left': 1001, 'mod': 1604339424, 'nid': 1604309069877, 'odid': 0, 'odue': 0, 'ord': 0, 'queue': 2, 'reps': 2, 'type': 2, 'usn': 97}
[1604595231] sched.py:answerCard(): 
[1604595231] schedv2.py:getCard(): {'data': '', 'did': 1602151806594, 'due': 77, 'factor': 2500, 'flags': 0, 'id': 1604310543357, 'ivl': 1, 'lapses': 0, 'left': 1001, 'mod': 1604339436, 'nid': 1604310377234, 'odid': 0, 'odue': 0, 'ord': 0, 'queue': 2, 'reps': 2, 'type': 2, 'usn': 97}
[1604595240] sched.py:answerCard(): 
[1604595240] schedv2.py:getCard(): {'data': '', 'did': 1602151806594, 'due': 77, 'factor': 2500, 'flags': 0, 'id': 1604309777579, 'ivl': 1, 'lapses': 0, 'left': 1001, 'mod': 1604339439, 'nid': 1604309527854, 'odid': 0, 'odue': 0, 'ord': 0, 'queue': 2, 'reps': 2, 'type': 2, 'usn': 97}
[1604595275] sched.py:answerCard(): 
[1604595275] schedv2.py:getCard(): {'data': '', 'did': 1602151806594, 'due': 77, 'factor': 2500, 'flags': 0, 'id': 1604309960907, 'ivl': 1, 'lapses': 0, 'left': 1001, 'mod': 1604339442, 'nid': 1604309809235, 'odid': 0, 'odue': 0, 'ord': 0, 'queue': 2, 'reps': 2, 'type': 2, 'usn': 97}
[1604595285] sched.py:answerCard(): 
[1604595285] schedv2.py:getCard(): {'data': '', 'did': 1602151806594, 'due': 1604595282, 'factor': 0, 'flags': 0, 'id': 1604418006169, 'ivl': 0, 'lapses': 0, 'left': 2002, 'mod': 1604595222, 'nid': 1604417798026, 'odid': 0, 'odue': 0, 'ord': 0, 'queue': 1, 'reps': 1, 'type': 1, 'usn': -1}
[1604595299] sched.py:answerCard(): 
[1604595299] schedv2.py:getCard(): {'data': '', 'did': 1602151806594, 'due': 79, 'factor': 2500, 'flags': 0, 'id': 1602779517530, 'ivl': 12, 'lapses': 0, 'left': 1001, 'mod': 1603619523, 'nid': 1602779453303, 'odid': 0, 'odue': 0, 'ord': 0, 'queue': 2, 'reps': 3, 'type': 2, 'usn': 79}
[1604595303] sched.py:answerCard(): 
[1604595303] schedv2.py:getCard(): {'data': '', 'did': 1602151806594, 'due': 1604595592, 'factor': 0, 'flags': 0, 'id': 1604415866741, 'ivl': 0, 'lapses': 0, 'left': 1001, 'mod': 1604594992, 'nid': 1604415727121, 'odid': 0, 'odue': 0, 'ord': 0, 'queue': 1, 'reps': 1, 'type': 1, 'usn': -1}
[1604595306] sched.py:answerCard(): 
[1604595306] schedv2.py:getCard(): {'data': '', 'did': 1602151806594, 'due': 1604595604, 'factor': 0, 'flags': 0, 'id': 1604415964906, 'ivl': 0, 'lapses': 0, 'left': 1001, 'mod': 1604595004, 'nid': 1604415866755, 'odid': 0, 'odue': 0, 'ord': 0, 'queue': 1, 'reps': 1, 'type': 1, 'usn': -1}
[1604595312] sched.py:answerCard(): 
[1604595312] schedv2.py:getCard(): {'data': '', 'did': 1602151806594, 'due': 1604595616, 'factor': 0, 'flags': 0, 'id': 1604416070412, 'ivl': 0, 'lapses': 0, 'left': 1001, 'mod': 1604595016, 'nid': 1604416039518, 'odid': 0, 'odue': 0, 'ord': 0, 'queue': 1, 'reps': 1, 'type': 1, 'usn': -1}
[1604595318] sched.py:answerCard(): 
[1604595318] schedv2.py:getCard(): {'data': '', 'did': 1602151806594, 'due': 1604595628, 'factor': 0, 'flags': 0, 'id': 1604416178893, 'ivl': 0, 'lapses': 0, 'left': 1001, 'mod': 1604595028, 'nid': 1604416118198, 'odid': 0, 'odue': 0, 'ord': 0, 'queue': 1, 'reps': 1, 'type': 1, 'usn': -1}
[1604595324] sched.py:answerCard(): 
[1604595324] schedv2.py:getCard(): {'data': '', 'did': 1602151806594, 'due': 1604595644, 'factor': 0, 'flags': 0, 'id': 1604416291990, 'ivl': 0, 'lapses': 0, 'left': 1001, 'mod': 1604595044, 'nid': 1604416178910, 'odid': 0, 'odue': 0, 'ord': 0, 'queue': 1, 'reps': 1, 'type': 1, 'usn': -1}
[1604595331] sched.py:answerCard(): 
[1604595331] schedv2.py:getCard(): {'data': '', 'did': 1602151806594, 'due': 1604595671, 'factor': 0, 'flags': 0, 'id': 1604416499096, 'ivl': 0, 'lapses': 0, 'left': 1001, 'mod': 1604595071, 'nid': 1604416321387, 'odid': 0, 'odue': 0, 'ord': 0, 'queue': 1, 'reps': 1, 'type': 1, 'usn': -1}
[1604595337] sched.py:answerCard(): 
[1604595337] schedv2.py:getCard(): {'data': '', 'did': 1602151806594, 'due': 1604595692, 'factor': 0, 'flags': 0, 'id': 1604416647584, 'ivl': 0, 'lapses': 0, 'left': 1001, 'mod': 1604595092, 'nid': 1604416499101, 'odid': 0, 'odue': 0, 'ord': 0, 'queue': 1, 'reps': 1, 'type': 1, 'usn': -1}
[1604595341] sched.py:answerCard(): 
[1604595341] schedv2.py:getCard(): {'data': '', 'did': 1602151806594, 'due': 1604595729, 'factor': 0, 'flags': 0, 'id': 1604416814552, 'ivl': 0, 'lapses': 0, 'left': 1001, 'mod': 1604595129, 'nid': 1604416647664, 'odid': 0, 'odue': 0, 'ord': 0, 'queue': 1, 'reps': 1, 'type': 1, 'usn': -1}
[1604595349] sched.py:answerCard(): 
[1604595349] schedv2.py:getCard(): {'data': '', 'did': 1602151806594, 'due': 1604595747, 'factor': 0, 'flags': 0, 'id': 1604417329641, 'ivl': 0, 'lapses': 0, 'left': 1001, 'mod': 1604595147, 'nid': 1604416951083, 'odid': 0, 'odue': 0, 'ord': 0, 'queue': 1, 'reps': 1, 'type': 1, 'usn': -1}
[1604595355] sched.py:answerCard(): 
[1604595355] schedv2.py:getCard(): {'data': '', 'did': 1602151806594, 'due': 1604595764, 'factor': 0, 'flags': 0, 'id': 1604417563434, 'ivl': 0, 'lapses': 0, 'left': 1001, 'mod': 1604595164, 'nid': 1604417444702, 'odid': 0, 'odue': 0, 'ord': 0, 'queue': 1, 'reps': 1, 'type': 1, 'usn': -1}
[1604595359] sched.py:answerCard(): 
[1604595359] schedv2.py:getCard(): {'data': '', 'did': 1602151806594, 'due': 1604595785, 'factor': 0, 'flags': 0, 'id': 1604417768871, 'ivl': 0, 'lapses': 0, 'left': 1001, 'mod': 1604595185, 'nid': 1604417650625, 'odid': 0, 'odue': 0, 'ord': 0, 'queue': 1, 'reps': 1, 'type': 1, 'usn': -1}
[1604595377] sched.py:answerCard(): 
[1604595377] schedv2.py:getCard(): {'data': '', 'did': 1602151806594, 'due': 1604595805, 'factor': 0, 'flags': 0, 'id': 1604417798023, 'ivl': 0, 'lapses': 0, 'left': 1001, 'mod': 1604595205, 'nid': 1604417768887, 'odid': 0, 'odue': 0, 'ord': 0, 'queue': 1, 'reps': 1, 'type': 1, 'usn': -1}
[1604595380] sched.py:answerCard(): 
[1604595380] schedv2.py:getCard(): {'data': '', 'did': 1602151806594, 'due': 1604595899, 'factor': 0, 'flags': 0, 'id': 1604418006169, 'ivl': 0, 'lapses': 0, 'left': 1001, 'mod': 1604595299, 'nid': 1604417798026, 'odid': 0, 'odue': 0, 'ord': 0, 'queue': 1, 'reps': 2, 'type': 1, 'usn': -1}
[1604595389] sched.py:answerCard(): 
[1604595398] schedv2.py:getCard(): {'data': '', 'did': 1602259651664, 'due': 77, 'factor': 2500, 'flags': 0, 'id': 1603812843971, 'ivl': 3, 'lapses': 0, 'left': 1001, 'mod': 1604162668, 'nid': 1603812591180, 'odid': 0, 'odue': 0, 'ord': 0, 'queue': 2, 'reps': 3, 'type': 2, 'usn': 92}
[1604595403] sched.py:answerCard(): 
[1604595403] schedv2.py:getCard(): {'data': '', 'did': 1602259651664, 'due': 78, 'factor': 2500, 'flags': 0, 'id': 1603799410143, 'ivl': 4, 'lapses': 0, 'left': 1001, 'mod': 1604162631, 'nid': 1603798275129, 'odid': 0, 'odue': 0, 'ord': 0, 'queue': 2, 'reps': 3, 'type': 2, 'usn': 92}
[1604595411] sched.py:answerCard(): 
[1604595411] schedv2.py:getCard(): {'data': '', 'did': 1602259651664, 'due': 77, 'factor': 2500, 'flags': 0, 'id': 1603901948256, 'ivl': 3, 'lapses': 0, 'left': 1001, 'mod': 1604162587, 'nid': 1603901757535, 'odid': 0, 'odue': 0, 'ord': 0, 'queue': 2, 'reps': 3, 'type': 2, 'usn': 92}
[1604595420] sched.py:answerCard(): 
[1604595420] schedv2.py:getCard(): {'data': '', 'did': 1602259651664, 'due': 78, 'factor': 2500, 'flags': 0, 'id': 1603814295398, 'ivl': 4, 'lapses': 0, 'left': 1001, 'mod': 1604162659, 'nid': 1603813779571, 'odid': 0, 'odue': 0, 'ord': 0, 'queue': 2, 'reps': 3, 'type': 2, 'usn': 92}
[1604595449] sched.py:answerCard(): 
[1604595449] schedv2.py:getCard(): {'data': '', 'did': 1602259651664, 'due': 79, 'factor': 2500, 'flags': 0, 'id': 1603908428979, 'ivl': 3, 'lapses': 0, 'left': 1001, 'mod': 1604339047, 'nid': 1603907911456, 'odid': 0, 'odue': 0, 'ord': 0, 'queue': 2, 'reps': 3, 'type': 2, 'usn': 97}
[1604595459] sched.py:answerCard(): 
[1604595459] schedv2.py:getCard(): {'data': '', 'did': 1602259651664, 'due': 77, 'factor': 2500, 'flags': 0, 'id': 1603813633116, 'ivl': 3, 'lapses': 0, 'left': 1001, 'mod': 1604162626, 'nid': 1603813466560, 'odid': 0, 'odue': 0, 'ord': 0, 'queue': 2, 'reps': 3, 'type': 2, 'usn': 92}
[1604595465] sched.py:answerCard(): 
[1604595465] schedv2.py:getCard(): {'data': '', 'did': 1602259651664, 'due': 78, 'factor': 2500, 'flags': 0, 'id': 1603902398288, 'ivl': 4, 'lapses': 0, 'left': 1001, 'mod': 1604162597, 'nid': 1603902203860, 'odid': 0, 'odue': 0, 'ord': 0, 'queue': 2, 'reps': 3, 'type': 2, 'usn': 92}
[1604595481] sched.py:answerCard(): 
[1604595481] schedv2.py:getCard(): {'data': '', 'did': 1602259651664, 'due': 78, 'factor': 2500, 'flags': 0, 'id': 1603907625509, 'ivl': 4, 'lapses': 0, 'left': 1001, 'mod': 1604162664, 'nid': 1603907417863, 'odid': 0, 'odue': 0, 'ord': 0, 'queue': 2, 'reps': 3, 'type': 2, 'usn': 92}
[1604595484] sched.py:answerCard(): 
[1604595484] schedv2.py:getCard(): {'data': '', 'did': 1602259651664, 'due': 77, 'factor': 2500, 'flags': 0, 'id': 1603798190424, 'ivl': 3, 'lapses': 0, 'left': 1001, 'mod': 1604162624, 'nid': 1603797915792, 'odid': 0, 'odue': 0, 'ord': 0, 'queue': 2, 'reps': 3, 'type': 2, 'usn': 92}
[1604595490] sched.py:answerCard(): 
[1604595490] schedv2.py:getCard(): {'data': '', 'did': 1602259651664, 'due': 77, 'factor': 2500, 'flags': 0, 'id': 1603797152873, 'ivl': 3, 'lapses': 0, 'left': 1001, 'mod': 1604162605, 'nid': 1603796998033, 'odid': 0, 'odue': 0, 'ord': 0, 'queue': 2, 'reps': 3, 'type': 2, 'usn': 92}
[1604595504] sched.py:answerCard(): 
[1604595504] schedv2.py:getCard(): {'data': '', 'did': 1602259651664, 'due': 78, 'factor': 2500, 'flags': 0, 'id': 1603902105800, 'ivl': 4, 'lapses': 0, 'left': 1001, 'mod': 1604162608, 'nid': 1603902023389, 'odid': 0, 'odue': 0, 'ord': 0, 'queue': 2, 'reps': 3, 'type': 2, 'usn': 92}
[1604595509] sched.py:answerCard(): 
[1604595509] schedv2.py:getCard(): {'data': '', 'did': 1602259651664, 'due': 78, 'factor': 2300, 'flags': 0, 'id': 1603902860917, 'ivl': 2, 'lapses': 1, 'left': 1001, 'mod': 1604339060, 'nid': 1603902434930, 'odid': 0, 'odue': 0, 'ord': 0, 'queue': 2, 'reps': 5, 'type': 2, 'usn': 97}
[1604595547] sched.py:answerCard(): 
[1604595547] schedv2.py:getCard(): {'data': '', 'did': 1602259651664, 'due': 78, 'factor': 2500, 'flags': 0, 'id': 1603813192876, 'ivl': 4, 'lapses': 0, 'left': 1001, 'mod': 1604162697, 'nid': 1603812868186, 'odid': 0, 'odue': 0, 'ord': 0, 'queue': 2, 'reps': 3, 'type': 2, 'usn': 92}
[1604595557] sched.py:answerCard(): 
[1604595557] schedv2.py:getCard(): {'data': '', 'did': 1602259651664, 'due': 77, 'factor': 2500, 'flags': 0, 'id': 1603815959246, 'ivl': 3, 'lapses': 0, 'left': 1001, 'mod': 1604162592, 'nid': 1603814561176, 'odid': 0, 'odue': 0, 'ord': 0, 'queue': 2, 'reps': 3, 'type': 2, 'usn': 92}
[1604595571] sched.py:answerCard(): 
[1604595571] schedv2.py:getCard(): {'data': '', 'did': 1602259651664, 'due': 78, 'factor': 2500, 'flags': 0, 'id': 1603797760454, 'ivl': 4, 'lapses': 0, 'left': 1001, 'mod': 1604162644, 'nid': 1603797418582, 'odid': 0, 'odue': 0, 'ord': 0, 'queue': 2, 'reps': 3, 'type': 2, 'usn': 92}
[1604595581] sched.py:answerCard(): 
[1604595581] schedv2.py:getCard(): {'data': '', 'did': 1602259651664, 'due': 1604596181, 'factor': 2300, 'flags': 0, 'id': 1603797760454, 'ivl': 1, 'lapses': 1, 'left': 1001, 'mod': 1604595581, 'nid': 1603797418582, 'odid': 0, 'odue': 80, 'ord': 0, 'queue': 1, 'reps': 4, 'type': 2, 'usn': -1}
[1604595590] sched.py:answerCard(): 
[1604856997] collection.py:__init__(): /home/user/.local/share/Anki2/Mathematics/collection.anki2, 2.1.26
[1604856997] sched.py:_updateCutoff(): 82, 1604930400
