Aug 18 16:08:26.376 DEBG begin change check, db_mod: 0, folder_mod: 1597761658
Aug 18 16:08:26.376 DEBG mtime unchanged, fname: latex-399fe65eb9ce780f0de4fd681a12d4f50a9dc372.png
Aug 18 16:08:26.376 DEBG mtime unchanged, fname: latex-0384017c37c7cb70aefba24a8f3580560cc04b7e.png
Aug 18 16:08:26.376 DEBG mtime unchanged, fname: latex-fa284ad56bee4ed146ebe4661a1c21fe10bc1fd0.png
Aug 18 16:08:26.376 DEBG mtime unchanged, fname: latex-841539fb29f9a8298c964a75173dd66cc1f1d6d0.png
Aug 18 16:08:26.376 DEBG mtime unchanged, fname: latex-652c81424463cfc6cd6863b61947b2810e5e083f.png
Aug 18 16:08:26.376 DEBG mtime unchanged, fname: latex-cf06d4e805e95ef5d988e9eb5db4f858c760a5c5.png
Aug 18 16:08:26.376 DEBG mtime unchanged, fname: latex-acbb1a4ca1f476b3746d8dd073b90fdcc2a3bedf.png
Aug 18 16:08:26.376 DEBG mtime unchanged, fname: latex-83b0afe7f51fcd98737e7c094dfcc5e0a1f8f8eb.png
Aug 18 16:08:26.376 DEBG mtime unchanged, fname: latex-3fea5d7a07e8bde9a652d6c49f78b7668728b4f7.png
Aug 18 16:08:26.376 DEBG mtime unchanged, fname: latex-ace3e469a0a66ec79b44603549ad5cc1445ed916.png
Aug 18 16:08:26.376 DEBG mtime unchanged, fname: latex-4d99d462476d3dd7a643c354581ec46930078fb9.png
Aug 18 16:08:26.456 DEBG begin media sync
Aug 18 16:08:27.034 DEBG server usn was 0
Aug 18 16:08:27.061 DEBG will upload, kind: addition , fname: latex-0384017c37c7cb70aefba24a8f3580560cc04b7e.png
Aug 18 16:08:27.061 DEBG will upload, kind: addition , fname: latex-399fe65eb9ce780f0de4fd681a12d4f50a9dc372.png
Aug 18 16:08:27.061 DEBG will upload, kind: addition , fname: latex-3fea5d7a07e8bde9a652d6c49f78b7668728b4f7.png
Aug 18 16:08:27.061 DEBG will upload, kind: addition , fname: latex-4d99d462476d3dd7a643c354581ec46930078fb9.png
Aug 18 16:08:27.061 DEBG will upload, kind: addition , fname: latex-652c81424463cfc6cd6863b61947b2810e5e083f.png
Aug 18 16:08:27.061 DEBG will upload, kind: addition , fname: latex-83b0afe7f51fcd98737e7c094dfcc5e0a1f8f8eb.png
Aug 18 16:08:27.061 DEBG will upload, kind: addition , fname: latex-841539fb29f9a8298c964a75173dd66cc1f1d6d0.png
Aug 18 16:08:27.061 DEBG will upload, kind: addition , fname: latex-acbb1a4ca1f476b3746d8dd073b90fdcc2a3bedf.png
Aug 18 16:08:27.061 DEBG will upload, kind: addition , fname: latex-ace3e469a0a66ec79b44603549ad5cc1445ed916.png
Aug 18 16:08:27.061 DEBG will upload, kind: addition , fname: latex-cf06d4e805e95ef5d988e9eb5db4f858c760a5c5.png
Aug 18 16:08:27.061 DEBG will upload, kind: addition , fname: latex-fa284ad56bee4ed146ebe4661a1c21fe10bc1fd0.png
Aug 18 16:08:27.855 DEBG mark clean, fname: latex-0384017c37c7cb70aefba24a8f3580560cc04b7e.png
Aug 18 16:08:27.855 DEBG mark clean, fname: latex-399fe65eb9ce780f0de4fd681a12d4f50a9dc372.png
Aug 18 16:08:27.855 DEBG mark clean, fname: latex-3fea5d7a07e8bde9a652d6c49f78b7668728b4f7.png
Aug 18 16:08:27.855 DEBG mark clean, fname: latex-4d99d462476d3dd7a643c354581ec46930078fb9.png
Aug 18 16:08:27.855 DEBG mark clean, fname: latex-652c81424463cfc6cd6863b61947b2810e5e083f.png
Aug 18 16:08:27.855 DEBG mark clean, fname: latex-83b0afe7f51fcd98737e7c094dfcc5e0a1f8f8eb.png
Aug 18 16:08:27.855 DEBG mark clean, fname: latex-841539fb29f9a8298c964a75173dd66cc1f1d6d0.png
Aug 18 16:08:27.855 DEBG mark clean, fname: latex-acbb1a4ca1f476b3746d8dd073b90fdcc2a3bedf.png
Aug 18 16:08:27.855 DEBG mark clean, fname: latex-ace3e469a0a66ec79b44603549ad5cc1445ed916.png
Aug 18 16:08:27.855 DEBG mark clean, fname: latex-cf06d4e805e95ef5d988e9eb5db4f858c760a5c5.png
Aug 18 16:08:27.855 DEBG mark clean, fname: latex-fa284ad56bee4ed146ebe4661a1c21fe10bc1fd0.png
Aug 18 16:08:28.059 DEBG media sync complete
Aug 18 15:10:36.595 DEBG begin change check, db_mod: 1597761658, folder_mod: 1597761658
Aug 18 15:10:36.595 DEBG skip check
Aug 18 15:10:36.595 DEBG begin media sync
Aug 18 15:10:37.098 DEBG server usn was 11
Aug 18 15:10:37.099 DEBG media sync complete
Aug 18 15:29:04.038 DEBG begin change check, db_mod: 1597761658, folder_mod: 1597761658
Aug 18 15:29:04.038 DEBG skip check
Aug 18 15:29:04.038 DEBG begin media sync
Aug 18 15:29:04.515 DEBG server usn was 11
Aug 18 15:29:04.515 DEBG media sync complete
Aug 18 15:33:05.861 DEBG begin change check, db_mod: 1597761658, folder_mod: 1597761658
Aug 18 15:33:05.862 DEBG skip check
Aug 18 15:33:05.862 DEBG begin media sync
Aug 18 15:33:06.109 DEBG server usn was 11
Aug 18 15:33:06.109 DEBG media sync complete
Aug 18 15:33:32.824 DEBG begin change check, db_mod: 1597761658, folder_mod: 1597761658
Aug 18 15:33:32.824 DEBG skip check
Aug 18 15:33:32.824 DEBG begin media sync
Aug 18 15:33:33.234 DEBG server usn was 11
Aug 18 15:33:33.238 DEBG media sync complete
Aug 18 15:42:47.318 DEBG begin change check, db_mod: 1597761658, folder_mod: 1597761658
Aug 18 15:42:47.318 DEBG skip check
Aug 18 15:42:47.318 DEBG begin media sync
Aug 18 15:42:47.972 DEBG server usn was 11
Aug 18 15:42:47.975 DEBG media sync complete
Aug 18 18:43:40.180 DEBG begin change check, db_mod: 1597761658, folder_mod: 1597761658
Aug 18 18:43:40.180 DEBG skip check
Aug 18 18:43:40.180 DEBG begin media sync
Aug 18 18:43:40.736 DEBG server usn was 11
Aug 18 18:43:40.736 DEBG media sync complete
Aug 18 18:55:40.098 DEBG begin change check, db_mod: 1597761658, folder_mod: 1597761658
Aug 18 18:55:40.098 DEBG skip check
Aug 18 18:55:40.098 DEBG begin media sync
Aug 18 18:55:40.364 DEBG server usn was 11
Aug 18 18:55:40.364 DEBG media sync complete
Aug 18 18:55:43.074 DEBG begin change check, db_mod: 1597761658, folder_mod: 1597761658
Aug 18 18:55:43.074 DEBG skip check
Aug 18 18:55:43.074 DEBG begin media sync
Aug 18 18:55:43.316 DEBG server usn was 11
Aug 18 18:55:43.317 DEBG media sync complete
Aug 18 18:55:48.434 DEBG begin change check, db_mod: 1597761658, folder_mod: 1597761658
Aug 18 18:55:48.434 DEBG skip check
Aug 18 18:55:48.434 DEBG begin media sync
Aug 18 18:55:48.896 DEBG server usn was 11
Aug 18 18:55:48.897 DEBG media sync complete
Aug 18 18:55:50.703 DEBG begin change check, db_mod: 1597761658, folder_mod: 1597761658
Aug 18 18:55:50.703 DEBG skip check
Aug 18 18:55:50.703 DEBG begin media sync
Aug 18 18:55:51.071 DEBG server usn was 11
Aug 18 18:55:51.072 DEBG media sync complete
Aug 18 18:56:14.527 DEBG begin change check, db_mod: 1597761658, folder_mod: 1597761658
Aug 18 18:56:14.527 DEBG skip check
Aug 18 18:56:14.527 DEBG begin media sync
Aug 18 18:56:15.007 DEBG server usn was 11
Aug 18 18:56:15.007 DEBG media sync complete
Aug 18 18:56:16.846 DEBG begin change check, db_mod: 1597761658, folder_mod: 1597761658
Aug 18 18:56:16.846 DEBG skip check
Aug 18 18:56:16.846 DEBG begin media sync
Aug 18 18:56:17.074 DEBG server usn was 11
Aug 18 18:56:17.075 DEBG media sync complete
Aug 18 18:56:46.022 DEBG begin change check, db_mod: 1597761658, folder_mod: 1597761658
Aug 18 18:56:46.022 DEBG skip check
Aug 18 18:56:46.022 DEBG begin media sync
Aug 18 18:56:46.546 DEBG server usn was 11
Aug 18 18:56:46.547 DEBG media sync complete
Aug 18 18:56:49.064 DEBG begin change check, db_mod: 1597761658, folder_mod: 1597761658
Aug 18 18:56:49.065 DEBG skip check
Aug 18 18:56:49.065 DEBG begin media sync
Aug 18 18:56:49.366 DEBG server usn was 11
Aug 18 18:56:49.367 DEBG media sync complete
Aug 18 19:08:08.752 DEBG begin change check, db_mod: 1597761658, folder_mod: 1597761658
Aug 18 19:08:08.752 DEBG skip check
Aug 18 19:08:08.752 DEBG begin media sync
Aug 18 19:08:08.970 DEBG server usn was 11
Aug 18 19:08:08.971 DEBG media sync complete
Aug 18 19:08:40.107 DEBG begin change check, db_mod: 1597761658, folder_mod: 1597761658
Aug 18 19:08:40.107 DEBG skip check
Aug 18 19:08:40.107 DEBG begin media sync
Aug 18 19:08:40.572 DEBG server usn was 11
Aug 18 19:08:40.576 DEBG media sync complete
Aug 18 19:14:30.947 DEBG begin change check, db_mod: 1597761658, folder_mod: 1597761658
Aug 18 19:14:30.947 DEBG skip check
Aug 18 19:14:30.947 DEBG begin media sync
Aug 18 19:14:31.202 DEBG server usn was 11
Aug 18 19:14:31.203 DEBG media sync complete
Aug 18 19:16:03.721 DEBG begin change check, db_mod: 1597761658, folder_mod: 1597761658
Aug 18 19:16:03.721 DEBG skip check
Aug 18 19:16:03.721 DEBG begin media sync
Aug 18 19:16:04.203 DEBG server usn was 11
Aug 18 19:16:04.203 DEBG media sync complete
Aug 18 19:33:40.983 DEBG begin change check, db_mod: 1597761658, folder_mod: 1597761658
Aug 18 19:33:41.010 DEBG skip check
Aug 18 19:33:41.010 DEBG begin media sync
Aug 18 19:33:42.919 DEBG server usn was 11
Aug 18 19:33:42.920 DEBG media sync complete
Aug 18 19:43:46.405 DEBG begin change check, db_mod: 1597761658, folder_mod: 1597761658
Aug 18 19:43:46.405 DEBG skip check
Aug 18 19:43:46.405 DEBG begin media sync
Aug 18 19:43:46.638 DEBG server usn was 11
Aug 18 19:43:46.638 DEBG media sync complete
Aug 18 20:03:41.653 DEBG begin change check, db_mod: 1597761658, folder_mod: 1597761658
Aug 18 20:03:41.684 DEBG skip check
Aug 18 20:03:41.684 DEBG begin media sync
Aug 18 20:03:42.328 DEBG server usn was 11
Aug 18 20:03:42.328 DEBG media sync complete
Aug 18 20:09:45.059 DEBG begin change check, db_mod: 1597761658, folder_mod: 1597761658
Aug 18 20:09:45.257 DEBG skip check
Aug 18 20:09:45.257 DEBG begin media sync
Aug 18 20:09:45.718 DEBG server usn was 11
Aug 18 20:09:45.719 DEBG media sync complete
Aug 18 20:09:47.228 DEBG begin change check, db_mod: 1597761658, folder_mod: 1597761658
Aug 18 20:09:47.228 DEBG skip check
Aug 18 20:09:47.228 DEBG begin media sync
Aug 18 20:09:47.473 DEBG server usn was 11
Aug 18 20:09:47.474 DEBG media sync complete
Aug 18 20:15:56.777 DEBG begin change check, db_mod: 1597761658, folder_mod: 1597761658
Aug 18 20:15:56.785 DEBG skip check
Aug 18 20:15:56.785 DEBG begin media sync
Aug 18 20:15:57.275 DEBG server usn was 11
Aug 18 20:15:57.275 DEBG media sync complete
Aug 19 16:20:08.588 DEBG begin change check, db_mod: 1597761658, folder_mod: 1597761658
Aug 19 16:20:08.687 DEBG skip check
Aug 19 16:20:08.687 DEBG begin media sync
Aug 19 16:20:08.931 DEBG server usn was 11
Aug 19 16:20:09.596 DEBG media sync complete
Aug 19 19:17:52.679 DEBG begin change check, db_mod: 1597761658, folder_mod: 1597761658
Aug 19 19:17:52.680 DEBG skip check
Aug 19 19:17:52.680 DEBG begin media sync
Aug 19 19:17:52.681 DEBG sync error: NetworkError { info: "error sending request for url (): error trying to connect: dns error: failed to lookup address information: Temporary failure in name resolution", kind: Offline }
Aug 19 19:18:04.357 DEBG begin change check, db_mod: 1597761658, folder_mod: 1597761658
Aug 19 19:18:04.357 DEBG skip check
Aug 19 19:18:04.357 DEBG begin media sync
Aug 19 19:18:04.591 DEBG server usn was 11
Aug 19 19:18:04.592 DEBG media sync complete
Aug 19 19:18:22.621 DEBG begin change check, db_mod: 1597761658, folder_mod: 1597761658
Aug 19 19:18:22.621 DEBG skip check
Aug 19 19:18:22.621 DEBG begin media sync
Aug 19 19:18:22.833 DEBG server usn was 11
Aug 19 19:18:22.834 DEBG media sync complete
Aug 19 19:18:24.777 DEBG begin change check, db_mod: 1597761658, folder_mod: 1597761658
Aug 19 19:18:24.777 DEBG skip check
Aug 19 19:18:24.777 DEBG begin media sync
Aug 19 19:18:24.996 DEBG server usn was 11
Aug 19 19:18:24.997 DEBG media sync complete
Aug 20 15:37:49.196 DEBG begin change check, db_mod: 1597761658, folder_mod: 1597761658
Aug 20 15:37:49.259 DEBG skip check
Aug 20 15:37:49.259 DEBG begin media sync
Aug 20 15:37:49.667 DEBG server usn was 11
Aug 20 15:37:50.179 DEBG media sync complete
Aug 20 15:55:23.808 DEBG begin change check, db_mod: 1597761658, folder_mod: 1597761658
Aug 20 15:55:23.808 DEBG skip check
Aug 20 15:55:23.808 DEBG begin media sync
Aug 20 15:55:24.016 DEBG server usn was 11
Aug 20 15:55:24.016 DEBG media sync complete
Aug 20 16:12:45.776 DEBG begin change check, db_mod: 1597761658, folder_mod: 1597761658
Aug 20 16:12:45.776 DEBG skip check
Aug 20 16:12:45.776 DEBG begin media sync
Aug 20 16:12:46.270 DEBG server usn was 11
Aug 20 16:12:46.270 DEBG media sync complete
Aug 20 16:32:45.764 DEBG begin change check, db_mod: 1597761658, folder_mod: 1597761658
Aug 20 16:32:45.764 DEBG skip check
Aug 20 16:32:45.764 DEBG begin media sync
Aug 20 16:32:46.328 DEBG server usn was 11
Aug 20 16:32:46.328 DEBG media sync complete
Aug 20 16:39:42.622 DEBG begin change check, db_mod: 1597761658, folder_mod: 1597761658
Aug 20 16:39:42.622 DEBG skip check
Aug 20 16:39:42.622 DEBG begin media sync
Aug 20 16:39:42.915 DEBG server usn was 11
Aug 20 16:39:42.917 DEBG media sync complete
Aug 20 16:43:43.965 DEBG begin change check, db_mod: 1597761658, folder_mod: 1597761658
Aug 20 16:43:43.965 DEBG skip check
Aug 20 16:43:43.965 DEBG begin media sync
Aug 20 16:43:44.376 DEBG server usn was 11
Aug 20 16:43:44.376 DEBG media sync complete
Aug 20 16:43:52.764 DEBG begin change check, db_mod: 1597761658, folder_mod: 1597761658
Aug 20 16:43:52.764 DEBG skip check
Aug 20 16:43:52.764 DEBG begin media sync
Aug 20 16:43:53.142 DEBG server usn was 11
Aug 20 16:43:53.142 DEBG media sync complete
Aug 20 16:56:13.899 DEBG begin change check, db_mod: 1597761658, folder_mod: 1597761658
Aug 20 16:56:13.899 DEBG skip check
Aug 20 16:56:13.899 DEBG begin media sync
Aug 20 16:56:14.150 DEBG server usn was 11
Aug 20 16:56:14.150 DEBG media sync complete
Aug 20 17:13:48.768 DEBG begin change check, db_mod: 1597761658, folder_mod: 1597761658
Aug 20 17:13:48.768 DEBG skip check
Aug 20 17:13:48.768 DEBG begin media sync
Aug 20 17:13:49.306 DEBG server usn was 11
Aug 20 17:13:49.307 DEBG media sync complete
Aug 20 17:14:01.522 DEBG begin change check, db_mod: 1597761658, folder_mod: 1597761658
Aug 20 17:14:01.522 DEBG skip check
Aug 20 17:14:01.522 DEBG begin media sync
Aug 20 17:14:02.006 DEBG server usn was 11
Aug 20 17:14:02.007 DEBG media sync complete
Aug 20 17:29:30.425 DEBG begin change check, db_mod: 1597761658, folder_mod: 1597761658
Aug 20 17:29:30.425 DEBG skip check
Aug 20 17:29:30.425 DEBG begin media sync
Aug 20 17:29:30.644 DEBG server usn was 11
Aug 20 17:29:30.645 DEBG media sync complete
Aug 20 17:35:59.241 DEBG begin change check, db_mod: 1597761658, folder_mod: 1597761658
Aug 20 17:35:59.241 DEBG skip check
Aug 20 17:35:59.241 DEBG begin media sync
Aug 20 17:35:59.500 DEBG server usn was 11
Aug 20 17:35:59.501 DEBG media sync complete
Aug 20 17:53:51.798 DEBG begin change check, db_mod: 1597761658, folder_mod: 1597761658
Aug 20 17:53:51.798 DEBG skip check
Aug 20 17:53:51.798 DEBG begin media sync
Aug 20 17:53:52.288 DEBG server usn was 11
Aug 20 17:53:52.288 DEBG media sync complete
Aug 20 17:58:37.553 DEBG begin change check, db_mod: 1597761658, folder_mod: 1597761658
Aug 20 17:58:37.553 DEBG skip check
Aug 20 17:58:37.553 DEBG begin media sync
Aug 20 17:58:37.808 DEBG server usn was 11
Aug 20 17:58:37.809 DEBG media sync complete
Aug 20 17:59:35.918 DEBG begin change check, db_mod: 1597761658, folder_mod: 1597761658
Aug 20 17:59:35.918 DEBG skip check
Aug 20 17:59:35.918 DEBG begin media sync
Aug 20 17:59:36.390 DEBG server usn was 11
Aug 20 17:59:36.391 DEBG media sync complete
Aug 21 18:32:56.862 DEBG begin change check, db_mod: 1597761658, folder_mod: 1597761658
Aug 21 18:32:56.962 DEBG skip check
Aug 21 18:32:56.962 DEBG begin media sync
Aug 21 18:32:57.266 DEBG server usn was 11
Aug 21 18:32:58.031 DEBG media sync complete
Aug 21 18:52:53.247 DEBG begin change check, db_mod: 1597761658, folder_mod: 1597761658
Aug 21 18:52:53.247 DEBG skip check
Aug 21 18:52:53.247 DEBG begin media sync
Aug 21 18:52:53.569 DEBG server usn was 11
Aug 21 18:52:53.569 DEBG media sync complete
Aug 21 19:12:53.235 DEBG begin change check, db_mod: 1597761658, folder_mod: 1597761658
Aug 21 19:12:53.235 DEBG skip check
Aug 21 19:12:53.235 DEBG begin media sync
Aug 21 19:12:53.478 DEBG server usn was 11
Aug 21 19:12:53.479 DEBG media sync complete
Aug 21 19:32:53.224 DEBG begin change check, db_mod: 1597761658, folder_mod: 1597761658
Aug 21 19:32:53.224 DEBG skip check
Aug 21 19:32:53.224 DEBG begin media sync
Aug 21 19:32:53.731 DEBG server usn was 11
Aug 21 19:32:53.732 DEBG media sync complete
Aug 21 19:48:15.776 DEBG begin change check, db_mod: 1597761658, folder_mod: 1597761658
Aug 21 19:48:15.776 DEBG skip check
Aug 21 19:48:15.776 DEBG begin media sync
Aug 21 19:48:16.032 DEBG server usn was 11
Aug 21 19:48:16.033 DEBG media sync complete
Aug 21 20:07:53.224 DEBG begin change check, db_mod: 1597761658, folder_mod: 1597761658
Aug 21 20:07:53.224 DEBG skip check
Aug 21 20:07:53.224 DEBG begin media sync
Aug 21 20:07:53.704 DEBG server usn was 11
Aug 21 20:07:53.704 DEBG media sync complete
Aug 21 20:16:36.006 DEBG begin change check, db_mod: 1597761658, folder_mod: 1597761658
Aug 21 20:16:36.006 DEBG skip check
Aug 21 20:16:36.006 DEBG begin media sync
Aug 21 20:16:36.211 DEBG server usn was 11
Aug 21 20:16:36.211 DEBG media sync complete
Aug 21 20:16:37.759 DEBG begin change check, db_mod: 1597761658, folder_mod: 1597761658
Aug 21 20:16:37.759 DEBG skip check
Aug 21 20:16:37.759 DEBG begin media sync
Aug 21 20:16:37.964 DEBG server usn was 11
Aug 21 20:16:37.964 DEBG media sync complete
Aug 28 15:51:41.176 DEBG begin change check, db_mod: 1597761658, folder_mod: 1597761658
Aug 28 15:51:41.211 DEBG skip check
Aug 28 15:51:41.211 DEBG begin media sync
Aug 28 15:51:41.618 DEBG server usn was 11
Aug 28 15:51:41.992 DEBG media sync complete
Aug 28 16:11:35.767 DEBG begin change check, db_mod: 1597761658, folder_mod: 1597761658
Aug 28 16:11:35.767 DEBG skip check
Aug 28 16:11:35.767 DEBG begin media sync
Aug 28 16:11:36.226 DEBG server usn was 11
Aug 28 16:11:36.227 DEBG media sync complete
Aug 28 16:31:35.768 DEBG begin change check, db_mod: 1597761658, folder_mod: 1597761658
Aug 28 16:31:35.768 DEBG skip check
Aug 28 16:31:35.768 DEBG begin media sync
Aug 28 16:31:36.216 DEBG server usn was 11
Aug 28 16:31:36.216 DEBG media sync complete
Aug 28 16:51:35.760 DEBG begin change check, db_mod: 1597761658, folder_mod: 1597761658
Aug 28 16:51:35.760 DEBG skip check
Aug 28 16:51:35.760 DEBG begin media sync
Aug 28 16:51:36.254 DEBG server usn was 11
Aug 28 16:51:36.255 DEBG media sync complete
Aug 28 17:08:56.525 DEBG begin change check, db_mod: 1597761658, folder_mod: 1597761658
Aug 28 17:08:56.526 DEBG skip check
Aug 28 17:08:56.526 DEBG begin media sync
Aug 28 17:08:56.980 DEBG server usn was 11
Aug 28 17:08:56.980 DEBG media sync complete
Aug 28 17:08:58.392 DEBG begin change check, db_mod: 1597761658, folder_mod: 1597761658
Aug 28 17:08:58.392 DEBG skip check
Aug 28 17:08:58.392 DEBG begin media sync
Aug 28 17:08:58.657 DEBG server usn was 11
Aug 28 17:08:58.658 DEBG media sync complete
Aug 28 17:08:59.236 DEBG begin change check, db_mod: 1597761658, folder_mod: 1597761658
Aug 28 17:08:59.236 DEBG skip check
Aug 28 17:08:59.236 DEBG begin media sync
Aug 28 17:08:59.433 DEBG server usn was 11
Aug 28 17:08:59.434 DEBG media sync complete
